

-------------------------------------------------
CS240: Lab 3. cs240   
Mon Sep  7 10:24:13 EDT 2015
-------------------------------------------------
./countlines in1                    : 0   of 4  
./countlines in2                    : 0   of 4  
./countlines hamlet                 : 0   of 3  
./towords in1                       : 0   of 4  
./towords in2                       : 0   of 4  
./towords hamlet                    : 0   of 3  
./test_stack                        : 0   of 10 
./rpncalc rpn1                      : 0   of 3  
./rpncalc rpn2                      : 0   of 3  
./rpncalc rpn3                      : 0   of 3  
./rpncalc rpn4                      : 0   of 3  
./rpncalc rpn5                      : 0   of 3  
./rpncalc rpn6                      : 0   of 3  
./rpncalc rpn7                      : 0   of 3  
./rpncalc rpn8                      : 0   of 3  
./rpncalc rpn9                      : 0   of 3  
./rpncalc rpn10                     : 0   of 3  
./rpncalc rpn11 3                   : 0   of 3  
./rpncalc rpn12 45                  : 0   of 3  
./rpncalc rpn13 2                   : 0   of 3  
./rpncalc rpn13 2                   : 0   of 3  
./rpncalc rpn13 2                   : 0   of 3  
./plot rpn14 -1 1                   : 0   of 8  
./plot rpn15 -5 5                   : 0   of 8  
./plot rpn15 -10 10                 : 0   of 7  
-------------------------------------------------
                              Total:  0 of 100



-------------------------------------------------
CS240: Lab 3. cs240   
Mon Sep  7 10:26:04 EDT 2015
-------------------------------------------------
./countlines in1                    : 0   of 4  
./countlines in2                    : 0   of 4  
./countlines hamlet                 : 0   of 3  
./towords in1                       : 0   of 4  
./towords in2                       : 0   of 4  
./towords hamlet                    : 0   of 3  
./test_stack                        : 0   of 10 
./rpncalc rpn1                      : 0   of 3  
./rpncalc rpn2                      : 0   of 3  
./rpncalc rpn3                      : 0   of 3  
./rpncalc rpn4                      : 0   of 3  
./rpncalc rpn5                      : 0   of 3  
./rpncalc rpn6                      : 0   of 3  
./rpncalc rpn7                      : 0   of 3  
./rpncalc rpn8                      : 0   of 3  
./rpncalc rpn9                      : 0   of 3  
./rpncalc rpn10                     : 0   of 3  
./rpncalc rpn11 3                   : 0   of 3  
./rpncalc rpn12 45                  : 0   of 3  
./rpncalc rpn13 2                   : 0   of 3  
./rpncalc rpn13 2                   : 0   of 3  
./rpncalc rpn13 2                   : 0   of 3  
./plot rpn14 -1 1                   : 0   of 8  
./plot rpn15 -5 5                   : 0   of 8  
./plot rpn15 -10 10                 : 0   of 7  
-------------------------------------------------
                              Total:  0 of 100



-------------------------------------------------
CS240: Lab 3. cs240   
Mon Sep  7 10:26:39 EDT 2015
-------------------------------------------------
./countlines in1                    : 0   of 4  
./countlines in2                    : 0   of 4  
./countlines hamlet                 : 0   of 3  
./towords in1                       : 0   of 4  
./towords in2                       : 0   of 4  
./towords hamlet                    : 0   of 3  
./test_stack                        : 0   of 10 
./rpncalc rpn1                      : 0   of 3  
./rpncalc rpn2                      : 0   of 3  
./rpncalc rpn3                      : 0   of 3  
./rpncalc rpn4                      : 0   of 3  
./rpncalc rpn5                      : 0   of 3  
./rpncalc rpn6                      : 0   of 3  
./rpncalc rpn7                      : 0   of 3  
./rpncalc rpn8                      : 0   of 3  
./rpncalc rpn9                      : 0   of 3  
./rpncalc rpn10                     : 0   of 3  
./rpncalc rpn11 3                   : 0   of 3  
./rpncalc rpn12 45                  : 0   of 3  
./rpncalc rpn13 2                   : 0   of 3  
./rpncalc rpn13 2                   : 0   of 3  
./rpncalc rpn13 2                   : 0   of 3  
./plot rpn14 -1 1                   : 0   of 8  
./plot rpn15 -5 5                   : 0   of 8  
./plot rpn15 -10 10                 : 0   of 7  
-------------------------------------------------
                              Total:  0 of 100



-------------------------------------------------
CS240: Lab 3. rravind   
Wed Sep  6 09:45:57 EDT 2017
-------------------------------------------------
./countlines in1                    : 0   of 4  
./countlines in2                    : 0   of 4  
./countlines hamlet                 : 0   of 3  
./towords in1                       : 0   of 4  
./towords in2                       : 0   of 4  
./towords hamlet                    : 0   of 3  
./test_stack                        : 0   of 10 
./rpncalc rpn1                      : 0   of 3  
./rpncalc rpn2                      : 0   of 3  
./rpncalc rpn3                      : 0   of 3  
./rpncalc rpn4                      : 0   of 3  
./rpncalc rpn5                      : 0   of 3  
./rpncalc rpn6                      : 0   of 3  
./rpncalc rpn7                      : 0   of 3  
./rpncalc rpn8                      : 0   of 3  
./rpncalc rpn9                      : 0   of 3  
./rpncalc rpn10                     : 0   of 3  
./rpncalc rpn11 3                   : 0   of 3  
./rpncalc rpn12 45                  : 0   of 3  
./rpncalc rpn13 2                   : 0   of 3  
./rpncalc rpn13 2                   : 0   of 3  
./rpncalc rpn13 2                   : 0   of 3  
./plot rpn14 -1 1                   : 0   of 8  
./plot rpn15 -5 5                   : 0   of 8  
./plot rpn15 -10 10                 : 0   of 7  
-------------------------------------------------
                              Total:  0 of 100



-------------------------------------------------
CS240: Lab 3. rravind   
Wed Sep  6 09:46:55 EDT 2017
-------------------------------------------------
./countlines in1                    : 4   of 4  
./countlines in2                    : 4   of 4  
./countlines hamlet                 : 3   of 3  
./towords in1                       : 0   of 4  
./towords in2                       : 0   of 4  
./towords hamlet                    : 0   of 3  
./test_stack                        : 0   of 10 
./rpncalc rpn1                      : 0   of 3  
./rpncalc rpn2                      : 0   of 3  
./rpncalc rpn3                      : 0   of 3  
./rpncalc rpn4                      : 0   of 3  
./rpncalc rpn5                      : 0   of 3  
./rpncalc rpn6                      : 0   of 3  
./rpncalc rpn7                      : 0   of 3  
./rpncalc rpn8                      : 0   of 3  
./rpncalc rpn9                      : 0   of 3  
./rpncalc rpn10                     : 0   of 3  
./rpncalc rpn11 3                   : 0   of 3  
./rpncalc rpn12 45                  : 0   of 3  
./rpncalc rpn13 2                   : 0   of 3  
./rpncalc rpn13 2                   : 0   of 3  
./rpncalc rpn13 2                   : 0   of 3  
./plot rpn14 -1 1                   : 0   of 8  
./plot rpn15 -5 5                   : 0   of 8  
./plot rpn15 -10 10                 : 0   of 7  
-------------------------------------------------
                              Total:  11 of 100



-------------------------------------------------
CS240: Lab 3. rravind   
Thu Sep  7 12:36:18 EDT 2017
-------------------------------------------------
./countlines in1                    : 4   of 4  
./countlines in2                    : 4   of 4  
./countlines hamlet                 : 3   of 3  
./towords in1                       : 0   of 4  
./towords in2                       : 0   of 4  
./towords hamlet                    : 0   of 3  
./test_stack                        : 0   of 10 
./rpncalc rpn1                      : 0   of 3  
./rpncalc rpn2                      : 0   of 3  
./rpncalc rpn3                      : 0   of 3  
./rpncalc rpn4                      : 0   of 3  
./rpncalc rpn5                      : 0   of 3  
./rpncalc rpn6                      : 0   of 3  
./rpncalc rpn7                      : 0   of 3  
./rpncalc rpn8                      : 0   of 3  
./rpncalc rpn9                      : 0   of 3  
./rpncalc rpn10                     : 0   of 3  
./rpncalc rpn11 3                   : 0   of 3  
./rpncalc rpn12 45                  : 0   of 3  
./rpncalc rpn13 2                   : 0   of 3  
./rpncalc rpn13 2                   : 0   of 3  
./rpncalc rpn13 2                   : 0   of 3  
./plot rpn14 -1 1                   : 0   of 8  
./plot rpn15 -5 5                   : 0   of 8  
./plot rpn15 -10 10                 : 0   of 7  
-------------------------------------------------
                              Total:  11 of 100



-------------------------------------------------
CS240: Lab 3. rravind   
Thu Sep  7 13:16:51 EDT 2017
-------------------------------------------------
./countlines in1                    : 4   of 4  
./countlines in2                    : 4   of 4  
./countlines hamlet                 : 3   of 3  
./towords in1                       : 0   of 4  
./towords in2                       : 0   of 4  
./towords hamlet                    : 0   of 3  
./test_stack                        : 0   of 10 
./rpncalc rpn1                      : 0   of 3  
./rpncalc rpn2                      : 0   of 3  
./rpncalc rpn3                      : 0   of 3  
./rpncalc rpn4                      : 0   of 3  
./rpncalc rpn5                      : 0   of 3  
./rpncalc rpn6                      : 0   of 3  
./rpncalc rpn7                      : 0   of 3  
./rpncalc rpn8                      : 0   of 3  
./rpncalc rpn9                      : 0   of 3  
./rpncalc rpn10                     : 0   of 3  
./rpncalc rpn11 3                   : 0   of 3  
./rpncalc rpn12 45                  : 0   of 3  
./rpncalc rpn13 2                   : 0   of 3  
./rpncalc rpn13 2                   : 0   of 3  
./rpncalc rpn13 2                   : 0   of 3  
./plot rpn14 -1 1                   : 0   of 8  
./plot rpn15 -5 5                   : 0   of 8  
./plot rpn15 -10 10                 : 0   of 7  
-------------------------------------------------
                              Total:  11 of 100



-------------------------------------------------
CS240: Lab 3. rravind   
Thu Sep  7 23:51:53 EDT 2017
-------------------------------------------------
./countlines in1                    : 4   of 4  
./countlines in2                    : 4   of 4  
./countlines hamlet                 : 3   of 3  
./towords in1                       : 4   of 4  
./towords in2                       : 0   of 4  
./towords hamlet                    : 0   of 3  
./test_stack                        : 0   of 10 
./rpncalc rpn1                      : 0   of 3  
./rpncalc rpn2                      : 0   of 3  
./rpncalc rpn3                      : 0   of 3  
./rpncalc rpn4                      : 0   of 3  
./rpncalc rpn5                      : 0   of 3  
./rpncalc rpn6                      : 0   of 3  
./rpncalc rpn7                      : 0   of 3  
./rpncalc rpn8                      : 0   of 3  
./rpncalc rpn9                      : 0   of 3  
./rpncalc rpn10                     : 0   of 3  
./rpncalc rpn11 3                   : 0   of 3  
./rpncalc rpn12 45                  : 0   of 3  
./rpncalc rpn13 2                   : 0   of 3  
./rpncalc rpn13 2                   : 0   of 3  
./rpncalc rpn13 2                   : 0   of 3  
./plot rpn14 -1 1                   : 0   of 8  
./plot rpn15 -5 5                   : 0   of 8  
./plot rpn15 -10 10                 : 0   of 7  
-------------------------------------------------
                              Total:  15 of 100



-------------------------------------------------
CS240: Lab 3. rravind   
Thu Sep  7 23:53:48 EDT 2017
-------------------------------------------------
./countlines in1                    : 4   of 4  
./countlines in2                    : 4   of 4  
./countlines hamlet                 : 3   of 3  
./towords in1                       : 4   of 4  
./towords in2                       : 4   of 4  
./towords hamlet                    : 3   of 3  
./test_stack                        : 0   of 10 
./rpncalc rpn1                      : 0   of 3  
./rpncalc rpn2                      : 0   of 3  
./rpncalc rpn3                      : 0   of 3  
./rpncalc rpn4                      : 0   of 3  
./rpncalc rpn5                      : 0   of 3  
./rpncalc rpn6                      : 0   of 3  
./rpncalc rpn7                      : 0   of 3  
./rpncalc rpn8                      : 0   of 3  
./rpncalc rpn9                      : 0   of 3  
./rpncalc rpn10                     : 0   of 3  
./rpncalc rpn11 3                   : 0   of 3  
./rpncalc rpn12 45                  : 0   of 3  
./rpncalc rpn13 2                   : 0   of 3  
./rpncalc rpn13 2                   : 0   of 3  
./rpncalc rpn13 2                   : 0   of 3  
./plot rpn14 -1 1                   : 0   of 8  
./plot rpn15 -5 5                   : 0   of 8  
./plot rpn15 -10 10                 : 0   of 7  
-------------------------------------------------
                              Total:  22 of 100



-------------------------------------------------
CS240: Lab 3. rravind   
Thu Sep  7 23:57:33 EDT 2017
-------------------------------------------------
./countlines in1                    : 4   of 4  
./countlines in2                    : 4   of 4  
./countlines hamlet                 : 3   of 3  
./towords in1                       : 4   of 4  
./towords in2                       : 4   of 4  
./towords hamlet                    : 3   of 3  
./test_stack                        : 0   of 10 
./rpncalc rpn1                      : 0   of 3  
./rpncalc rpn2                      : 0   of 3  
./rpncalc rpn3                      : 0   of 3  
./rpncalc rpn4                      : 0   of 3  
./rpncalc rpn5                      : 0   of 3  
./rpncalc rpn6                      : 0   of 3  
./rpncalc rpn7                      : 0   of 3  
./rpncalc rpn8                      : 0   of 3  
./rpncalc rpn9                      : 0   of 3  
./rpncalc rpn10                     : 0   of 3  
./rpncalc rpn11 3                   : 0   of 3  
./rpncalc rpn12 45                  : 0   of 3  
./rpncalc rpn13 2                   : 0   of 3  
./rpncalc rpn13 2                   : 0   of 3  
./rpncalc rpn13 2                   : 0   of 3  
./plot rpn14 -1 1                   : 0   of 8  
./plot rpn15 -5 5                   : 0   of 8  
./plot rpn15 -10 10                 : 0   of 7  
-------------------------------------------------
                              Total:  22 of 100



-------------------------------------------------
CS240: Lab 3. rravind   
Tue Sep 12 22:37:16 EDT 2017
-------------------------------------------------
./countlines in1                    : 4   of 4  
./countlines in2                    : 4   of 4  
./countlines hamlet                 : 3   of 3  
./towords in1                       : 4   of 4  
./towords in2                       : 4   of 4  
./towords hamlet                    : 3   of 3  
./test_stack                        : 0   of 10 
./rpncalc rpn1                      : 0   of 3  
./rpncalc rpn2                      : 0   of 3  
./rpncalc rpn3                      : 0   of 3  
./rpncalc rpn4                      : 0   of 3  
./rpncalc rpn5                      : 0   of 3  
./rpncalc rpn6                      : 0   of 3  
./rpncalc rpn7                      : 0   of 3  
./rpncalc rpn8                      : 0   of 3  
./rpncalc rpn9                      : 0   of 3  
./rpncalc rpn10                     : 0   of 3  
./rpncalc rpn11 3                   : 0   of 3  
./rpncalc rpn12 45                  : 0   of 3  
./rpncalc rpn13 2                   : 0   of 3  
./rpncalc rpn13 2                   : 0   of 3  
./rpncalc rpn13 2                   : 0   of 3  
./plot rpn14 -1 1                   : 0   of 8  
./plot rpn15 -5 5                   : 0   of 8  
./plot rpn15 -10 10                 : 0   of 7  
-------------------------------------------------
                              Total:  22 of 100



-------------------------------------------------
CS240: Lab 3. rravind   
Tue Sep 12 22:40:16 EDT 2017
-------------------------------------------------
./countlines in1                    : 4   of 4  
./countlines in2                    : 4   of 4  
./countlines hamlet                 : 3   of 3  
./towords in1                       : 4   of 4  
./towords in2                       : 4   of 4  
./towords hamlet                    : 3   of 3  
./test_stack                        : 0   of 10 
./rpncalc rpn1                      : 0   of 3  
./rpncalc rpn2                      : 0   of 3  
./rpncalc rpn3                      : 0   of 3  
./rpncalc rpn4                      : 0   of 3  
./rpncalc rpn5                      : 0   of 3  
./rpncalc rpn6                      : 0   of 3  
./rpncalc rpn7                      : 0   of 3  
./rpncalc rpn8                      : 0   of 3  
./rpncalc rpn9                      : 0   of 3  
./rpncalc rpn10                     : 0   of 3  
./rpncalc rpn11 3                   : 0   of 3  
./rpncalc rpn12 45                  : 0   of 3  
./rpncalc rpn13 2                   : 0   of 3  
./rpncalc rpn13 2                   : 0   of 3  
./rpncalc rpn13 2                   : 0   of 3  
./plot rpn14 -1 1                   : 0   of 8  
./plot rpn15 -5 5                   : 0   of 8  
./plot rpn15 -10 10                 : 0   of 7  
-------------------------------------------------
                              Total:  22 of 100



-------------------------------------------------
CS240: Lab 3. rravind   
Tue Sep 12 22:41:47 EDT 2017
-------------------------------------------------
./countlines in1                    : 4   of 4  
./countlines in2                    : 4   of 4  
./countlines hamlet                 : 3   of 3  
./towords in1                       : 4   of 4  
./towords in2                       : 4   of 4  
./towords hamlet                    : 3   of 3  
./test_stack                        : 10  of 10 
./rpncalc rpn1                      : 0   of 3  
./rpncalc rpn2                      : 0   of 3  
./rpncalc rpn3                      : 0   of 3  
./rpncalc rpn4                      : 0   of 3  
./rpncalc rpn5                      : 0   of 3  
./rpncalc rpn6                      : 0   of 3  
./rpncalc rpn7                      : 0   of 3  
./rpncalc rpn8                      : 0   of 3  
./rpncalc rpn9                      : 0   of 3  
./rpncalc rpn10                     : 0   of 3  
./rpncalc rpn11 3                   : 0   of 3  
./rpncalc rpn12 45                  : 0   of 3  
./rpncalc rpn13 2                   : 0   of 3  
./rpncalc rpn13 2                   : 0   of 3  
./rpncalc rpn13 2                   : 0   of 3  
./plot rpn14 -1 1                   : 0   of 8  
./plot rpn15 -5 5                   : 0   of 8  
./plot rpn15 -10 10                 : 0   of 7  
-------------------------------------------------
                              Total:  32 of 100



-------------------------------------------------
CS240: Lab 3. rravind   
Wed Sep 13 22:54:45 EDT 2017
-------------------------------------------------
./countlines in1                    : 4   of 4  
./countlines in2                    : 4   of 4  
./countlines hamlet                 : 3   of 3  
./towords in1                       : 4   of 4  
./towords in2                       : 4   of 4  
./towords hamlet                    : 3   of 3  
./test_stack                        : 10  of 10 
./rpncalc rpn1                      : 0   of 3  
./rpncalc rpn2                      : 0   of 3  
./rpncalc rpn3                      : 0   of 3  
./rpncalc rpn4                      : 0   of 3  
./rpncalc rpn5                      : 0   of 3  
./rpncalc rpn6                      : 0   of 3  
./rpncalc rpn7                      : 0   of 3  
./rpncalc rpn8                      : 0   of 3  
./rpncalc rpn9                      : 0   of 3  
./rpncalc rpn10                     : 0   of 3  
./rpncalc rpn11 3                   : 0   of 3  
./rpncalc rpn12 45                  : 0   of 3  
./rpncalc rpn13 2                   : 0   of 3  
./rpncalc rpn13 2                   : 0   of 3  
./rpncalc rpn13 2                   : 0   of 3  
./plot rpn14 -1 1                   : 0   of 8  
./plot rpn15 -5 5                   : 0   of 8  
./plot rpn15 -10 10                 : 0   of 7  
-------------------------------------------------
                              Total:  32 of 100



-------------------------------------------------
CS240: Lab 3. rravind   
Wed Sep 13 22:55:35 EDT 2017
-------------------------------------------------
./countlines in1                    : 4   of 4  
./countlines in2                    : 4   of 4  
./countlines hamlet                 : 3   of 3  
./towords in1                       : 4   of 4  
./towords in2                       : 4   of 4  
./towords hamlet                    : 3   of 3  
./test_stack                        : 10  of 10 
./rpncalc rpn1                      : 3   of 3  
./rpncalc rpn2                      : 0   of 3  
./rpncalc rpn3                      : 0   of 3  
./rpncalc rpn4                      : 0   of 3  
./rpncalc rpn5                      : 0   of 3  
./rpncalc rpn6                      : 0   of 3  
./rpncalc rpn7                      : 0   of 3  
./rpncalc rpn8                      : 0   of 3  
./rpncalc rpn9                      : 0   of 3  
./rpncalc rpn10                     : 0   of 3  
./rpncalc rpn11 3                   : 0   of 3  
./rpncalc rpn12 45                  : 0   of 3  
./rpncalc rpn13 2                   : 0   of 3  
./rpncalc rpn13 2                   : 0   of 3  
./rpncalc rpn13 2                   : 0   of 3  
./plot rpn14 -1 1                   : 0   of 8  
./plot rpn15 -5 5                   : 0   of 8  
./plot rpn15 -10 10                 : 0   of 7  
-------------------------------------------------
                              Total:  35 of 100



-------------------------------------------------
CS240: Lab 3. rravind   
Wed Sep 13 22:59:29 EDT 2017
-------------------------------------------------
./countlines in1                    : 4   of 4  
./countlines in2                    : 4   of 4  
./countlines hamlet                 : 3   of 3  
./towords in1                       : 4   of 4  
./towords in2                       : 4   of 4  
./towords hamlet                    : 3   of 3  
./test_stack                        : 10  of 10 
./rpncalc rpn1                      : 3   of 3  
./rpncalc rpn2                      : 3   of 3  
./rpncalc rpn3                      : 0   of 3  
./rpncalc rpn4                      : 0   of 3  
./rpncalc rpn5                      : 0   of 3  
./rpncalc rpn6                      : 0   of 3  
./rpncalc rpn7                      : 0   of 3  
./rpncalc rpn8                      : 0   of 3  
./rpncalc rpn9                      : 0   of 3  
./rpncalc rpn10                     : 0   of 3  
./rpncalc rpn11 3                   : 0   of 3  
./rpncalc rpn12 45                  : 0   of 3  
./rpncalc rpn13 2                   : 0   of 3  
./rpncalc rpn13 2                   : 0   of 3  
./rpncalc rpn13 2                   : 0   of 3  
./plot rpn14 -1 1                   : 0   of 8  
./plot rpn15 -5 5                   : 0   of 8  
./plot rpn15 -10 10                 : 0   of 7  
-------------------------------------------------
                              Total:  38 of 100



-------------------------------------------------
CS240: Lab 3. rravind   
Wed Sep 13 23:02:10 EDT 2017
-------------------------------------------------
./countlines in1                    : 4   of 4  
./countlines in2                    : 4   of 4  
./countlines hamlet                 : 3   of 3  
./towords in1                       : 4   of 4  
./towords in2                       : 4   of 4  
./towords hamlet                    : 3   of 3  
./test_stack                        : 10  of 10 
./rpncalc rpn1                      : 0   of 3  
./rpncalc rpn2                      : 0   of 3  
./rpncalc rpn3                      : 0   of 3  
./rpncalc rpn4                      : 0   of 3  
./rpncalc rpn5                      : 0   of 3  
./rpncalc rpn6                      : 0   of 3  
./rpncalc rpn7                      : 0   of 3  
./rpncalc rpn8                      : 0   of 3  
./rpncalc rpn9                      : 0   of 3  
./rpncalc rpn10                     : 0   of 3  
./rpncalc rpn11 3                   : 0   of 3  
./rpncalc rpn12 45                  : 0   of 3  
./rpncalc rpn13 2                   : 0   of 3  
./rpncalc rpn13 2                   : 0   of 3  
./rpncalc rpn13 2                   : 0   of 3  
./plot rpn14 -1 1                   : 0   of 8  
./plot rpn15 -5 5                   : 0   of 8  
./plot rpn15 -10 10                 : 0   of 7  
-------------------------------------------------
                              Total:  32 of 100



-------------------------------------------------
CS240: Lab 3. rravind   
Wed Sep 13 23:02:24 EDT 2017
-------------------------------------------------
./countlines in1                    : 4   of 4  
./countlines in2                    : 4   of 4  
./countlines hamlet                 : 3   of 3  
./towords in1                       : 4   of 4  
./towords in2                       : 4   of 4  
./towords hamlet                    : 3   of 3  
./test_stack                        : 10  of 10 
./rpncalc rpn1                      : 3   of 3  
./rpncalc rpn2                      : 3   of 3  
./rpncalc rpn3                      : 3   of 3  
./rpncalc rpn4                      : 0   of 3  
./rpncalc rpn5                      : 0   of 3  
./rpncalc rpn6                      : 0   of 3  
./rpncalc rpn7                      : 0   of 3  
./rpncalc rpn8                      : 0   of 3  
./rpncalc rpn9                      : 0   of 3  
./rpncalc rpn10                     : 0   of 3  
./rpncalc rpn11 3                   : 0   of 3  
./rpncalc rpn12 45                  : 0   of 3  
./rpncalc rpn13 2                   : 0   of 3  
./rpncalc rpn13 2                   : 0   of 3  
./rpncalc rpn13 2                   : 0   of 3  
./plot rpn14 -1 1                   : 0   of 8  
./plot rpn15 -5 5                   : 0   of 8  
./plot rpn15 -10 10                 : 0   of 7  
-------------------------------------------------
                              Total:  41 of 100



-------------------------------------------------
CS240: Lab 3. rravind   
Wed Sep 13 23:13:14 EDT 2017
-------------------------------------------------
./countlines in1                    : 4   of 4  
./countlines in2                    : 4   of 4  
./countlines hamlet                 : 3   of 3  
./towords in1                       : 4   of 4  
./towords in2                       : 4   of 4  
./towords hamlet                    : 3   of 3  
./test_stack                        : 10  of 10 
./rpncalc rpn1                      : 3   of 3  
./rpncalc rpn2                      : 3   of 3  
./rpncalc rpn3                      : 3   of 3  
./rpncalc rpn4                      : 3   of 3  
./rpncalc rpn5                      : 3   of 3  
./rpncalc rpn6                      : 0   of 3  
./rpncalc rpn7                      : 0   of 3  
./rpncalc rpn8                      : 0   of 3  
./rpncalc rpn9                      : 0   of 3  
./rpncalc rpn10                     : 0   of 3  
./rpncalc rpn11 3                   : 0   of 3  
./rpncalc rpn12 45                  : 0   of 3  
./rpncalc rpn13 2                   : 0   of 3  
./rpncalc rpn13 2                   : 0   of 3  
./rpncalc rpn13 2                   : 0   of 3  
./plot rpn14 -1 1                   : 0   of 8  
./plot rpn15 -5 5                   : 0   of 8  
./plot rpn15 -10 10                 : 0   of 7  
-------------------------------------------------
                              Total:  47 of 100



-------------------------------------------------
CS240: Lab 3. rravind   
Wed Sep 13 23:29:55 EDT 2017
-------------------------------------------------
./countlines in1                    : 4   of 4  
./countlines in2                    : 4   of 4  
./countlines hamlet                 : 3   of 3  
./towords in1                       : 4   of 4  
./towords in2                       : 4   of 4  
./towords hamlet                    : 3   of 3  
./test_stack                        : 10  of 10 
./rpncalc rpn1                      : 3   of 3  
./rpncalc rpn2                      : 3   of 3  
./rpncalc rpn3                      : 3   of 3  
./rpncalc rpn4                      : 3   of 3  
./rpncalc rpn5                      : 3   of 3  
./rpncalc rpn6                      : 0   of 3  
./rpncalc rpn7                      : 0   of 3  
./rpncalc rpn8                      : 0   of 3  
./rpncalc rpn9                      : 0   of 3  
./rpncalc rpn10                     : 0   of 3  
./rpncalc rpn11 3                   : 0   of 3  
./rpncalc rpn12 45                  : 0   of 3  
./rpncalc rpn13 2                   : 0   of 3  
./rpncalc rpn13 2                   : 0   of 3  
./rpncalc rpn13 2                   : 0   of 3  
./plot rpn14 -1 1                   : 0   of 8  
./plot rpn15 -5 5                   : 0   of 8  
./plot rpn15 -10 10                 : 0   of 7  
-------------------------------------------------
                              Total:  47 of 100



-------------------------------------------------
CS240: Lab 3. rravind   
Wed Sep 13 23:41:11 EDT 2017
-------------------------------------------------
./countlines in1                    : 4   of 4  
./countlines in2                    : 4   of 4  
./countlines hamlet                 : 3   of 3  
./towords in1                       : 4   of 4  
./towords in2                       : 4   of 4  
./towords hamlet                    : 3   of 3  
./test_stack                        : 10  of 10 
./rpncalc rpn1                      : 3   of 3  
./rpncalc rpn2                      : 3   of 3  
./rpncalc rpn3                      : 3   of 3  
./rpncalc rpn4                      : 3   of 3  
./rpncalc rpn5                      : 3   of 3  
./rpncalc rpn6                      : 3   of 3  
./rpncalc rpn7                      : 0   of 3  
./rpncalc rpn8                      : 0   of 3  
./rpncalc rpn9                      : 0   of 3  
./rpncalc rpn10                     : 0   of 3  
./rpncalc rpn11 3                   : 0   of 3  
./rpncalc rpn12 45                  : 0   of 3  
./rpncalc rpn13 2                   : 0   of 3  
./rpncalc rpn13 2                   : 0   of 3  
./rpncalc rpn13 2                   : 0   of 3  
./plot rpn14 -1 1                   : 0   of 8  
./plot rpn15 -5 5                   : 0   of 8  
./plot rpn15 -10 10                 : 0   of 7  
-------------------------------------------------
                              Total:  50 of 100



-------------------------------------------------
CS240: Lab 3. rravind   
Wed Sep 13 23:42:11 EDT 2017
-------------------------------------------------
./countlines in1                    : 4   of 4  
./countlines in2                    : 4   of 4  
./countlines hamlet                 : 3   of 3  
./towords in1                       : 4   of 4  
./towords in2                       : 4   of 4  
./towords hamlet                    : 3   of 3  
./test_stack                        : 10  of 10 
./rpncalc rpn1                      : 3   of 3  
./rpncalc rpn2                      : 3   of 3  
./rpncalc rpn3                      : 3   of 3  
./rpncalc rpn4                      : 3   of 3  
./rpncalc rpn5                      : 3   of 3  
./rpncalc rpn6                      : 3   of 3  
./rpncalc rpn7                      : 3   of 3  
./rpncalc rpn8                      : 0   of 3  
./rpncalc rpn9                      : 0   of 3  
./rpncalc rpn10                     : 0   of 3  
./rpncalc rpn11 3                   : 0   of 3  
./rpncalc rpn12 45                  : 0   of 3  
./rpncalc rpn13 2                   : 0   of 3  
./rpncalc rpn13 2                   : 0   of 3  
./rpncalc rpn13 2                   : 0   of 3  
./plot rpn14 -1 1                   : 0   of 8  
./plot rpn15 -5 5                   : 0   of 8  
./plot rpn15 -10 10                 : 0   of 7  
-------------------------------------------------
                              Total:  53 of 100



-------------------------------------------------
CS240: Lab 3. rravind   
Wed Sep 13 23:46:50 EDT 2017
-------------------------------------------------
./countlines in1                    : 4   of 4  
./countlines in2                    : 4   of 4  
./countlines hamlet                 : 3   of 3  
./towords in1                       : 4   of 4  
./towords in2                       : 4   of 4  
./towords hamlet                    : 3   of 3  
./test_stack                        : 10  of 10 
./rpncalc rpn1                      : 3   of 3  
./rpncalc rpn2                      : 3   of 3  
./rpncalc rpn3                      : 3   of 3  
./rpncalc rpn4                      : 3   of 3  
./rpncalc rpn5                      : 3   of 3  
./rpncalc rpn6                      : 3   of 3  
./rpncalc rpn7                      : 3   of 3  
./rpncalc rpn8                      : 3   of 3  
./rpncalc rpn9                      : 0   of 3  
./rpncalc rpn10                     : 0   of 3  
./rpncalc rpn11 3                   : 0   of 3  
./rpncalc rpn12 45                  : 0   of 3  
./rpncalc rpn13 2                   : 0   of 3  
./rpncalc rpn13 2                   : 0   of 3  
./rpncalc rpn13 2                   : 0   of 3  
./plot rpn14 -1 1                   : 0   of 8  
./plot rpn15 -5 5                   : 0   of 8  
./plot rpn15 -10 10                 : 0   of 7  
-------------------------------------------------
                              Total:  56 of 100



-------------------------------------------------
CS240: Lab 3. rravind   
Wed Sep 13 23:51:08 EDT 2017
-------------------------------------------------
./countlines in1                    : 4   of 4  
./countlines in2                    : 4   of 4  
./countlines hamlet                 : 3   of 3  
./towords in1                       : 4   of 4  
./towords in2                       : 4   of 4  
./towords hamlet                    : 3   of 3  
./test_stack                        : 10  of 10 
./rpncalc rpn1                      : 0   of 3  
./rpncalc rpn2                      : 0   of 3  
./rpncalc rpn3                      : 0   of 3  
./rpncalc rpn4                      : 0   of 3  
./rpncalc rpn5                      : 0   of 3  
./rpncalc rpn6                      : 0   of 3  
./rpncalc rpn7                      : 0   of 3  
./rpncalc rpn8                      : 0   of 3  
./rpncalc rpn9                      : 3   of 3  
./rpncalc rpn10                     : 0   of 3  
./rpncalc rpn11 3                   : 0   of 3  
./rpncalc rpn12 45                  : 0   of 3  
./rpncalc rpn13 2                   : 0   of 3  
./rpncalc rpn13 2                   : 0   of 3  
./rpncalc rpn13 2                   : 0   of 3  
./plot rpn14 -1 1                   : 0   of 8  
./plot rpn15 -5 5                   : 0   of 8  
./plot rpn15 -10 10                 : 0   of 7  
-------------------------------------------------
                              Total:  35 of 100



-------------------------------------------------
CS240: Lab 3. rravind   
Wed Sep 13 23:51:19 EDT 2017
-------------------------------------------------
./countlines in1                    : 4   of 4  
./countlines in2                    : 4   of 4  
./countlines hamlet                 : 3   of 3  
./towords in1                       : 4   of 4  
./towords in2                       : 4   of 4  
./towords hamlet                    : 3   of 3  
./test_stack                        : 10  of 10 
./rpncalc rpn1                      : 3   of 3  
./rpncalc rpn2                      : 3   of 3  
./rpncalc rpn3                      : 3   of 3  
./rpncalc rpn4                      : 3   of 3  
./rpncalc rpn5                      : 3   of 3  
./rpncalc rpn6                      : 3   of 3  
./rpncalc rpn7                      : 3   of 3  
./rpncalc rpn8                      : 3   of 3  
./rpncalc rpn9                      : 0   of 3  
./rpncalc rpn10                     : 0   of 3  
./rpncalc rpn11 3                   : 0   of 3  
./rpncalc rpn12 45                  : 0   of 3  
./rpncalc rpn13 2                   : 0   of 3  
./rpncalc rpn13 2                   : 0   of 3  
./rpncalc rpn13 2                   : 0   of 3  
./plot rpn14 -1 1                   : 0   of 8  
./plot rpn15 -5 5                   : 0   of 8  
./plot rpn15 -10 10                 : 0   of 7  
-------------------------------------------------
                              Total:  56 of 100



-------------------------------------------------
CS240: Lab 3. rravind   
Wed Sep 13 23:52:24 EDT 2017
-------------------------------------------------
./countlines in1                    : 4   of 4  
./countlines in2                    : 4   of 4  
./countlines hamlet                 : 3   of 3  
./towords in1                       : 4   of 4  
./towords in2                       : 4   of 4  
./towords hamlet                    : 3   of 3  
./test_stack                        : 10  of 10 
./rpncalc rpn1                      : 0   of 3  
./rpncalc rpn2                      : 0   of 3  
./rpncalc rpn3                      : 0   of 3  
./rpncalc rpn4                      : 0   of 3  
./rpncalc rpn5                      : 0   of 3  
./rpncalc rpn6                      : 0   of 3  
./rpncalc rpn7                      : 0   of 3  
./rpncalc rpn8                      : 0   of 3  
./rpncalc rpn9                      : 3   of 3  
./rpncalc rpn10                     : 0   of 3  
./rpncalc rpn11 3                   : 0   of 3  
./rpncalc rpn12 45                  : 0   of 3  
./rpncalc rpn13 2                   : 0   of 3  
./rpncalc rpn13 2                   : 0   of 3  
./rpncalc rpn13 2                   : 0   of 3  
./plot rpn14 -1 1                   : 0   of 8  
./plot rpn15 -5 5                   : 0   of 8  
./plot rpn15 -10 10                 : 0   of 7  
-------------------------------------------------
                              Total:  35 of 100



-------------------------------------------------
CS240: Lab 3. rravind   
Wed Sep 13 23:53:05 EDT 2017
-------------------------------------------------
./countlines in1                    : 4   of 4  
./countlines in2                    : 4   of 4  
./countlines hamlet                 : 3   of 3  
./towords in1                       : 4   of 4  
./towords in2                       : 4   of 4  
./towords hamlet                    : 3   of 3  
./test_stack                        : 10  of 10 
./rpncalc rpn1                      : 3   of 3  
./rpncalc rpn2                      : 3   of 3  
./rpncalc rpn3                      : 3   of 3  
./rpncalc rpn4                      : 3   of 3  
./rpncalc rpn5                      : 3   of 3  
./rpncalc rpn6                      : 3   of 3  
./rpncalc rpn7                      : 3   of 3  
./rpncalc rpn8                      : 3   of 3  
./rpncalc rpn9                      : 3   of 3  
./rpncalc rpn10                     : 0   of 3  
./rpncalc rpn11 3                   : 0   of 3  
./rpncalc rpn12 45                  : 0   of 3  
./rpncalc rpn13 2                   : 0   of 3  
./rpncalc rpn13 2                   : 0   of 3  
./rpncalc rpn13 2                   : 0   of 3  
./plot rpn14 -1 1                   : 0   of 8  
./plot rpn15 -5 5                   : 0   of 8  
./plot rpn15 -10 10                 : 0   of 7  
-------------------------------------------------
                              Total:  59 of 100



-------------------------------------------------
CS240: Lab 3. rravind   
Wed Sep 13 23:57:05 EDT 2017
-------------------------------------------------
./countlines in1                    : 4   of 4  
./countlines in2                    : 4   of 4  
./countlines hamlet                 : 3   of 3  
./towords in1                       : 4   of 4  
./towords in2                       : 4   of 4  
./towords hamlet                    : 3   of 3  
./test_stack                        : 10  of 10 
./rpncalc rpn1                      : 3   of 3  
./rpncalc rpn2                      : 3   of 3  
./rpncalc rpn3                      : 3   of 3  
./rpncalc rpn4                      : 3   of 3  
./rpncalc rpn5                      : 3   of 3  
./rpncalc rpn6                      : 3   of 3  
./rpncalc rpn7                      : 3   of 3  
./rpncalc rpn8                      : 3   of 3  
./rpncalc rpn9                      : 3   of 3  
./rpncalc rpn10                     : 0   of 3  
./rpncalc rpn11 3                   : 0   of 3  
./rpncalc rpn12 45                  : 0   of 3  
./rpncalc rpn13 2                   : 0   of 3  
./rpncalc rpn13 2                   : 0   of 3  
./rpncalc rpn13 2                   : 0   of 3  
./plot rpn14 -1 1                   : 0   of 8  
./plot rpn15 -5 5                   : 0   of 8  
./plot rpn15 -10 10                 : 0   of 7  
-------------------------------------------------
                              Total:  59 of 100



-------------------------------------------------
CS240: Lab 3. rravind   
Wed Sep 13 23:59:18 EDT 2017
-------------------------------------------------
./countlines in1                    : 4   of 4  
./countlines in2                    : 4   of 4  
./countlines hamlet                 : 3   of 3  
./towords in1                       : 4   of 4  
./towords in2                       : 4   of 4  
./towords hamlet                    : 3   of 3  
./test_stack                        : 10  of 10 
./rpncalc rpn1                      : 3   of 3  
./rpncalc rpn2                      : 3   of 3  
./rpncalc rpn3                      : 3   of 3  
./rpncalc rpn4                      : 3   of 3  
./rpncalc rpn5                      : 3   of 3  
./rpncalc rpn6                      : 3   of 3  
./rpncalc rpn7                      : 3   of 3  
./rpncalc rpn8                      : 3   of 3  
./rpncalc rpn9                      : 3   of 3  
./rpncalc rpn10                     : 3   of 3  
./rpncalc rpn11 3                   : 0   of 3  
./rpncalc rpn12 45                  : 0   of 3  
./rpncalc rpn13 2                   : 0   of 3  
./rpncalc rpn13 2                   : 0   of 3  
./rpncalc rpn13 2                   : 0   of 3  
./plot rpn14 -1 1                   : 0   of 8  
./plot rpn15 -5 5                   : 0   of 8  
./plot rpn15 -10 10                 : 0   of 7  
-------------------------------------------------
                              Total:  62 of 100



-------------------------------------------------
CS240: Lab 3. rravind   
Thu Sep 14 00:11:57 EDT 2017
-------------------------------------------------
./countlines in1                    : 4   of 4  
./countlines in2                    : 4   of 4  
./countlines hamlet                 : 3   of 3  
./towords in1                       : 4   of 4  
./towords in2                       : 4   of 4  
./towords hamlet                    : 3   of 3  
./test_stack                        : 10  of 10 
./rpncalc rpn1                      : 0   of 3  
./rpncalc rpn2                      : 0   of 3  
./rpncalc rpn3                      : 0   of 3  
./rpncalc rpn4                      : 0   of 3  
./rpncalc rpn5                      : 0   of 3  
./rpncalc rpn6                      : 0   of 3  
./rpncalc rpn7                      : 0   of 3  
./rpncalc rpn8                      : 0   of 3  
./rpncalc rpn9                      : 0   of 3  
./rpncalc rpn10                     : 0   of 3  
./rpncalc rpn11 3                   : 0   of 3  
./rpncalc rpn12 45                  : 0   of 3  
./rpncalc rpn13 2                   : 0   of 3  
./rpncalc rpn13 2                   : 0   of 3  
./rpncalc rpn13 2                   : 0   of 3  
./plot rpn14 -1 1                   : 0   of 8  
./plot rpn15 -5 5                   : 0   of 8  
./plot rpn15 -10 10                 : 0   of 7  
-------------------------------------------------
                              Total:  32 of 100



-------------------------------------------------
CS240: Lab 3. rravind   
Thu Sep 14 00:13:07 EDT 2017
-------------------------------------------------
./countlines in1                    : 4   of 4  
./countlines in2                    : 4   of 4  
./countlines hamlet                 : 3   of 3  
./towords in1                       : 4   of 4  
./towords in2                       : 4   of 4  
./towords hamlet                    : 3   of 3  
./test_stack                        : 10  of 10 
./rpncalc rpn1                      : 3   of 3  
./rpncalc rpn2                      : 3   of 3  
./rpncalc rpn3                      : 3   of 3  
./rpncalc rpn4                      : 3   of 3  
./rpncalc rpn5                      : 3   of 3  
./rpncalc rpn6                      : 3   of 3  
./rpncalc rpn7                      : 3   of 3  
./rpncalc rpn8                      : 3   of 3  
./rpncalc rpn9                      : 3   of 3  
./rpncalc rpn10                     : 3   of 3  
./rpncalc rpn11 3                   : 0   of 3  
./rpncalc rpn12 45                  : 0   of 3  
./rpncalc rpn13 2                   : 0   of 3  
./rpncalc rpn13 2                   : 0   of 3  
./rpncalc rpn13 2                   : 0   of 3  
./plot rpn14 -1 1                   : 0   of 8  
./plot rpn15 -5 5                   : 0   of 8  
./plot rpn15 -10 10                 : 0   of 7  
-------------------------------------------------
                              Total:  62 of 100



-------------------------------------------------
CS240: Lab 3. rravind   
Thu Sep 14 00:13:36 EDT 2017
-------------------------------------------------
./countlines in1                    : 4   of 4  
./countlines in2                    : 4   of 4  
./countlines hamlet                 : 3   of 3  
./towords in1                       : 4   of 4  
./towords in2                       : 4   of 4  
./towords hamlet                    : 3   of 3  
./test_stack                        : 10  of 10 
./rpncalc rpn1                      : 3   of 3  
./rpncalc rpn2                      : 3   of 3  
./rpncalc rpn3                      : 3   of 3  
./rpncalc rpn4                      : 3   of 3  
./rpncalc rpn5                      : 3   of 3  
./rpncalc rpn6                      : 3   of 3  
./rpncalc rpn7                      : 3   of 3  
./rpncalc rpn8                      : 3   of 3  
./rpncalc rpn9                      : 3   of 3  
./rpncalc rpn10                     : 3   of 3  
./rpncalc rpn11 3                   : 0   of 3  
./rpncalc rpn12 45                  : 0   of 3  
./rpncalc rpn13 2                   : 0   of 3  
./rpncalc rpn13 2                   : 0   of 3  
./rpncalc rpn13 2                   : 0   of 3  
./plot rpn14 -1 1                   : 0   of 8  
./plot rpn15 -5 5                   : 0   of 8  
./plot rpn15 -10 10                 : 0   of 7  
-------------------------------------------------
                              Total:  62 of 100



-------------------------------------------------
CS240: Lab 3. rravind   
Thu Sep 14 00:14:08 EDT 2017
-------------------------------------------------
./countlines in1                    : 4   of 4  
./countlines in2                    : 4   of 4  
./countlines hamlet                 : 3   of 3  
./towords in1                       : 4   of 4  
./towords in2                       : 4   of 4  
./towords hamlet                    : 3   of 3  
./test_stack                        : 10  of 10 
./rpncalc rpn1                      : 0   of 3  
./rpncalc rpn2                      : 3   of 3  
./rpncalc rpn3                      : 0   of 3  
./rpncalc rpn4                      : 0   of 3  
./rpncalc rpn5                      : 3   of 3  
./rpncalc rpn6                      : 3   of 3  
./rpncalc rpn7                      : 0   of 3  
./rpncalc rpn8                      : 3   of 3  
./rpncalc rpn9                      : 3   of 3  
./rpncalc rpn10                     : 0   of 3  
./rpncalc rpn11 3                   : 0   of 3  
./rpncalc rpn12 45                  : 0   of 3  
./rpncalc rpn13 2                   : 0   of 3  
./rpncalc rpn13 2                   : 0   of 3  
./rpncalc rpn13 2                   : 0   of 3  
./plot rpn14 -1 1                   : 0   of 8  
./plot rpn15 -5 5                   : 0   of 8  
./plot rpn15 -10 10                 : 0   of 7  
-------------------------------------------------
                              Total:  47 of 100



-------------------------------------------------
CS240: Lab 3. rravind   
Thu Sep 14 00:14:33 EDT 2017
-------------------------------------------------
./countlines in1                    : 4   of 4  
./countlines in2                    : 4   of 4  
./countlines hamlet                 : 3   of 3  
./towords in1                       : 4   of 4  
./towords in2                       : 4   of 4  
./towords hamlet                    : 3   of 3  
./test_stack                        : 10  of 10 
./rpncalc rpn1                      : 3   of 3  
./rpncalc rpn2                      : 3   of 3  
./rpncalc rpn3                      : 3   of 3  
./rpncalc rpn4                      : 3   of 3  
./rpncalc rpn5                      : 3   of 3  
./rpncalc rpn6                      : 3   of 3  
./rpncalc rpn7                      : 3   of 3  
./rpncalc rpn8                      : 3   of 3  
./rpncalc rpn9                      : 3   of 3  
./rpncalc rpn10                     : 3   of 3  
./rpncalc rpn11 3                   : 0   of 3  
./rpncalc rpn12 45                  : 0   of 3  
./rpncalc rpn13 2                   : 0   of 3  
./rpncalc rpn13 2                   : 0   of 3  
./rpncalc rpn13 2                   : 0   of 3  
./plot rpn14 -1 1                   : 0   of 8  
./plot rpn15 -5 5                   : 0   of 8  
./plot rpn15 -10 10                 : 0   of 7  
-------------------------------------------------
                              Total:  62 of 100



-------------------------------------------------
CS240: Lab 3. rravind   
Thu Sep 14 00:15:49 EDT 2017
-------------------------------------------------
./countlines in1                    : 4   of 4  
./countlines in2                    : 4   of 4  
./countlines hamlet                 : 3   of 3  
./towords in1                       : 4   of 4  
./towords in2                       : 4   of 4  
./towords hamlet                    : 3   of 3  
./test_stack                        : 10  of 10 
./rpncalc rpn1                      : 3   of 3  
./rpncalc rpn2                      : 3   of 3  
./rpncalc rpn3                      : 3   of 3  
./rpncalc rpn4                      : 3   of 3  
./rpncalc rpn5                      : 3   of 3  
./rpncalc rpn6                      : 3   of 3  
./rpncalc rpn7                      : 3   of 3  
./rpncalc rpn8                      : 3   of 3  
./rpncalc rpn9                      : 3   of 3  
./rpncalc rpn10                     : 3   of 3  
./rpncalc rpn11 3                   : 3   of 3  
./rpncalc rpn12 45                  : 0   of 3  
./rpncalc rpn13 2                   : 3   of 3  
./rpncalc rpn13 2                   : 3   of 3  
./rpncalc rpn13 2                   : 3   of 3  
./plot rpn14 -1 1                   : 0   of 8  
./plot rpn15 -5 5                   : 0   of 8  
./plot rpn15 -10 10                 : 0   of 7  
-------------------------------------------------
                              Total:  74 of 100



-------------------------------------------------
CS240: Lab 3. rravind   
Thu Sep 14 00:17:11 EDT 2017
-------------------------------------------------
./countlines in1                    : 4   of 4  
./countlines in2                    : 4   of 4  
./countlines hamlet                 : 3   of 3  
./towords in1                       : 4   of 4  
./towords in2                       : 4   of 4  
./towords hamlet                    : 3   of 3  
./test_stack                        : 10  of 10 
./rpncalc rpn1                      : 0   of 3  
./rpncalc rpn2                      : 0   of 3  
./rpncalc rpn3                      : 0   of 3  
./rpncalc rpn4                      : 0   of 3  
./rpncalc rpn5                      : 0   of 3  
./rpncalc rpn6                      : 0   of 3  
./rpncalc rpn7                      : 0   of 3  
./rpncalc rpn8                      : 0   of 3  
./rpncalc rpn9                      : 0   of 3  
./rpncalc rpn10                     : 0   of 3  
./rpncalc rpn11 3                   : 0   of 3  
./rpncalc rpn12 45                  : 0   of 3  
./rpncalc rpn13 2                   : 0   of 3  
./rpncalc rpn13 2                   : 0   of 3  
./rpncalc rpn13 2                   : 0   of 3  
./plot rpn14 -1 1                   : 0   of 8  
./plot rpn15 -5 5                   : 0   of 8  
./plot rpn15 -10 10                 : 0   of 7  
-------------------------------------------------
                              Total:  32 of 100



-------------------------------------------------
CS240: Lab 3. rravind   
Thu Sep 14 00:17:29 EDT 2017
-------------------------------------------------
./countlines in1                    : 4   of 4  
./countlines in2                    : 4   of 4  
./countlines hamlet                 : 3   of 3  
./towords in1                       : 4   of 4  
./towords in2                       : 4   of 4  
./towords hamlet                    : 3   of 3  
./test_stack                        : 10  of 10 
./rpncalc rpn1                      : 3   of 3  
./rpncalc rpn2                      : 3   of 3  
./rpncalc rpn3                      : 3   of 3  
./rpncalc rpn4                      : 3   of 3  
./rpncalc rpn5                      : 3   of 3  
./rpncalc rpn6                      : 3   of 3  
./rpncalc rpn7                      : 3   of 3  
./rpncalc rpn8                      : 3   of 3  
./rpncalc rpn9                      : 3   of 3  
./rpncalc rpn10                     : 3   of 3  
./rpncalc rpn11 3                   : 3   of 3  
./rpncalc rpn12 45                  : 3   of 3  
./rpncalc rpn13 2                   : 3   of 3  
./rpncalc rpn13 2                   : 3   of 3  
./rpncalc rpn13 2                   : 3   of 3  
./plot rpn14 -1 1                   : 0   of 8  
./plot rpn15 -5 5                   : 0   of 8  
./plot rpn15 -10 10                 : 0   of 7  
-------------------------------------------------
                              Total:  77 of 100



-------------------------------------------------
CS240: Lab 3. rravind   
Thu Sep 14 00:32:06 EDT 2017
-------------------------------------------------
./countlines in1                    : 4   of 4  
./countlines in2                    : 4   of 4  
./countlines hamlet                 : 3   of 3  
./towords in1                       : 4   of 4  
./towords in2                       : 4   of 4  
./towords hamlet                    : 3   of 3  
./test_stack                        : 10  of 10 
./rpncalc rpn1                      : 3   of 3  
./rpncalc rpn2                      : 3   of 3  
./rpncalc rpn3                      : 3   of 3  
./rpncalc rpn4                      : 3   of 3  
./rpncalc rpn5                      : 3   of 3  
./rpncalc rpn6                      : 3   of 3  
./rpncalc rpn7                      : 3   of 3  
./rpncalc rpn8                      : 3   of 3  
./rpncalc rpn9                      : 3   of 3  
./rpncalc rpn10                     : 3   of 3  
./rpncalc rpn11 3                   : 3   of 3  
./rpncalc rpn12 45                  : 3   of 3  
./rpncalc rpn13 2                   : 3   of 3  
./rpncalc rpn13 2                   : 3   of 3  
./rpncalc rpn13 2                   : 3   of 3  
./plot rpn14 -1 1                   : 0   of 8  
./plot rpn15 -5 5                   : 0   of 8  
./plot rpn15 -10 10                 : 0   of 7  
-------------------------------------------------
                              Total:  77 of 100



-------------------------------------------------
CS240: Lab 3. rravind   
Thu Sep 14 01:17:44 EDT 2017
-------------------------------------------------
./countlines in1                    : 4   of 4  
./countlines in2                    : 4   of 4  
./countlines hamlet                 : 3   of 3  
./towords in1                       : 4   of 4  
./towords in2                       : 4   of 4  
./towords hamlet                    : 3   of 3  
./test_stack                        : 0   of 10 
./rpncalc rpn1                      : 0   of 3  
./rpncalc rpn2                      : 0   of 3  
./rpncalc rpn3                      : 0   of 3  
./rpncalc rpn4                      : 0   of 3  
./rpncalc rpn5                      : 0   of 3  
./rpncalc rpn6                      : 0   of 3  
./rpncalc rpn7                      : 0   of 3  
./rpncalc rpn8                      : 0   of 3  
./rpncalc rpn9                      : 0   of 3  
./rpncalc rpn10                     : 0   of 3  
./rpncalc rpn11 3                   : 0   of 3  
./rpncalc rpn12 45                  : 0   of 3  
./rpncalc rpn13 2                   : 0   of 3  
./rpncalc rpn13 2                   : 0   of 3  
./rpncalc rpn13 2                   : 0   of 3  
./plot rpn14 -1 1                   : 0   of 8  
./plot rpn15 -5 5                   : 0   of 8  
./plot rpn15 -10 10                 : 0   of 7  
-------------------------------------------------
                              Total:  22 of 100



-------------------------------------------------
CS240: Lab 3. rravind   
Thu Sep 14 01:19:15 EDT 2017
-------------------------------------------------
./countlines in1                    : 4   of 4  
./countlines in2                    : 4   of 4  
./countlines hamlet                 : 3   of 3  
./towords in1                       : 4   of 4  
./towords in2                       : 4   of 4  
./towords hamlet                    : 3   of 3  
./test_stack                        : 10  of 10 
./rpncalc rpn1                      : 3   of 3  
./rpncalc rpn2                      : 3   of 3  
./rpncalc rpn3                      : 3   of 3  
./rpncalc rpn4                      : 3   of 3  
./rpncalc rpn5                      : 3   of 3  
./rpncalc rpn6                      : 3   of 3  
./rpncalc rpn7                      : 3   of 3  
./rpncalc rpn8                      : 3   of 3  
./rpncalc rpn9                      : 3   of 3  
./rpncalc rpn10                     : 3   of 3  
./rpncalc rpn11 3                   : 3   of 3  
./rpncalc rpn12 45                  : 3   of 3  
./rpncalc rpn13 2                   : 3   of 3  
./rpncalc rpn13 2                   : 3   of 3  
./rpncalc rpn13 2                   : 3   of 3  
./plot rpn14 -1 1                   : 0   of 8  
./plot rpn15 -5 5                   : 0   of 8  
./plot rpn15 -10 10                 : 0   of 7  
-------------------------------------------------
                              Total:  77 of 100



-------------------------------------------------
CS240: Lab 3. rravind   
Thu Sep 14 01:25:33 EDT 2017
-------------------------------------------------
./countlines in1                    : 4   of 4  
./countlines in2                    : 4   of 4  
./countlines hamlet                 : 3   of 3  
./towords in1                       : 4   of 4  
./towords in2                       : 4   of 4  
./towords hamlet                    : 3   of 3  
./test_stack                        : 10  of 10 
./rpncalc rpn1                      : 3   of 3  
./rpncalc rpn2                      : 3   of 3  
./rpncalc rpn3                      : 3   of 3  
./rpncalc rpn4                      : 3   of 3  
./rpncalc rpn5                      : 3   of 3  
./rpncalc rpn6                      : 3   of 3  
./rpncalc rpn7                      : 3   of 3  
./rpncalc rpn8                      : 3   of 3  
./rpncalc rpn9                      : 3   of 3  
./rpncalc rpn10                     : 3   of 3  
./rpncalc rpn11 3                   : 3   of 3  
./rpncalc rpn12 45                  : 3   of 3  
./rpncalc rpn13 2                   : 3   of 3  
./rpncalc rpn13 2                   : 3   of 3  
./rpncalc rpn13 2                   : 3   of 3  
./plot rpn14 -1 1                   : 0   of 8  
./plot rpn15 -5 5                   : 0   of 8  
./plot rpn15 -10 10                 : 0   of 7  
-------------------------------------------------
                              Total:  77 of 100



-------------------------------------------------
CS240: Lab 3. rravind   
Thu Sep 14 01:31:12 EDT 2017
-------------------------------------------------
./countlines in1                    : 4   of 4  
./countlines in2                    : 4   of 4  
./countlines hamlet                 : 3   of 3  
./towords in1                       : 4   of 4  
./towords in2                       : 4   of 4  
./towords hamlet                    : 3   of 3  
./test_stack                        : 10  of 10 
./rpncalc rpn1                      : 3   of 3  
./rpncalc rpn2                      : 3   of 3  
./rpncalc rpn3                      : 3   of 3  
./rpncalc rpn4                      : 3   of 3  
./rpncalc rpn5                      : 3   of 3  
./rpncalc rpn6                      : 3   of 3  
./rpncalc rpn7                      : 3   of 3  
./rpncalc rpn8                      : 3   of 3  
./rpncalc rpn9                      : 3   of 3  
./rpncalc rpn10                     : 3   of 3  
./rpncalc rpn11 3                   : 3   of 3  
./rpncalc rpn12 45                  : 3   of 3  
./rpncalc rpn13 2                   : 3   of 3  
./rpncalc rpn13 2                   : 3   of 3  
./rpncalc rpn13 2                   : 3   of 3  
./plot rpn14 -1 1                   : 0   of 8  
./plot rpn15 -5 5                   : 0   of 8  
./plot rpn15 -10 10                 : 0   of 7  
-------------------------------------------------
                              Total:  77 of 100



-------------------------------------------------
CS240: Lab 3. rravind   
Thu Sep 14 11:29:22 EDT 2017
-------------------------------------------------
./countlines in1                    : 4   of 4  
./countlines in2                    : 4   of 4  
./countlines hamlet                 : 3   of 3  
./towords in1                       : 4   of 4  
./towords in2                       : 4   of 4  
./towords hamlet                    : 3   of 3  
./test_stack                        : 10  of 10 
./rpncalc rpn1                      : 3   of 3  
./rpncalc rpn2                      : 3   of 3  
./rpncalc rpn3                      : 3   of 3  
./rpncalc rpn4                      : 3   of 3  
./rpncalc rpn5                      : 3   of 3  
./rpncalc rpn6                      : 3   of 3  
./rpncalc rpn7                      : 3   of 3  
./rpncalc rpn8                      : 3   of 3  
./rpncalc rpn9                      : 3   of 3  
./rpncalc rpn10                     : 3   of 3  
./rpncalc rpn11 3                   : 3   of 3  
./rpncalc rpn12 45                  : 3   of 3  
./rpncalc rpn13 2                   : 3   of 3  
./rpncalc rpn13 2                   : 3   of 3  
./rpncalc rpn13 2                   : 3   of 3  
./plot rpn14 -1 1                   : 0   of 8  
./plot rpn15 -5 5                   : 0   of 8  
./plot rpn15 -10 10                 : 0   of 7  
-------------------------------------------------
                              Total:  77 of 100



-------------------------------------------------
CS240: Lab 3. rravind   
Thu Sep 14 11:30:15 EDT 2017
-------------------------------------------------
./countlines in1                    : 4   of 4  
./countlines in2                    : 4   of 4  
./countlines hamlet                 : 3   of 3  
./towords in1                       : 4   of 4  
./towords in2                       : 4   of 4  
./towords hamlet                    : 3   of 3  
./test_stack                        : 10  of 10 
./rpncalc rpn1                      : 3   of 3  
./rpncalc rpn2                      : 3   of 3  
./rpncalc rpn3                      : 3   of 3  
./rpncalc rpn4                      : 3   of 3  
./rpncalc rpn5                      : 3   of 3  
./rpncalc rpn6                      : 3   of 3  
./rpncalc rpn7                      : 3   of 3  
./rpncalc rpn8                      : 3   of 3  
./rpncalc rpn9                      : 3   of 3  
./rpncalc rpn10                     : 3   of 3  
./rpncalc rpn11 3                   : 3   of 3  
./rpncalc rpn12 45                  : 3   of 3  
./rpncalc rpn13 2                   : 3   of 3  
./rpncalc rpn13 2                   : 3   of 3  
./rpncalc rpn13 2                   : 3   of 3  
./plot rpn14 -1 1                   : 0   of 8  
./plot rpn15 -5 5                   : 0   of 8  
./plot rpn15 -10 10                 : 0   of 7  
-------------------------------------------------
                              Total:  77 of 100



-------------------------------------------------
CS240: Lab 3. rravind   
Thu Sep 14 11:43:23 EDT 2017
-------------------------------------------------
./countlines in1                    : 4   of 4  
./countlines in2                    : 4   of 4  
./countlines hamlet                 : 3   of 3  
./towords in1                       : 4   of 4  
./towords in2                       : 4   of 4  
./towords hamlet                    : 3   of 3  
./test_stack                        : 10  of 10 
./rpncalc rpn1                      : 3   of 3  
./rpncalc rpn2                      : 3   of 3  
./rpncalc rpn3                      : 3   of 3  
./rpncalc rpn4                      : 3   of 3  
./rpncalc rpn5                      : 3   of 3  
./rpncalc rpn6                      : 3   of 3  
./rpncalc rpn7                      : 3   of 3  
./rpncalc rpn8                      : 3   of 3  
./rpncalc rpn9                      : 3   of 3  
./rpncalc rpn10                     : 3   of 3  
./rpncalc rpn11 3                   : 3   of 3  
./rpncalc rpn12 45                  : 3   of 3  
./rpncalc rpn13 2                   : 3   of 3  
./rpncalc rpn13 2                   : 3   of 3  
./rpncalc rpn13 2                   : 3   of 3  
./plot rpn14 -1 1                   : 0   of 8  
./plot rpn15 -5 5                   : 0   of 8  
./plot rpn15 -10 10                 : 0   of 7  
-------------------------------------------------
                              Total:  77 of 100

