

-------------------------------------------------
CS240: Lab 2b. cs240   
Sat Aug 29 15:19:08 EDT 2015
-------------------------------------------------
test_mystring test1                 : 0   of 3  
test_mystring test2                 : 0   of 3  
test_mystring test3                 : 0   of 3  
test_mystring test4                 : 0   of 3  
test_mystring test5                 : 0   of 3  
test_mystring test6                 : 0   of 3  
test_mystring test7                 : 0   of 3  
-------------------------------------------------
CS240: Lab 2b. cs240 Sat Aug 29 15:19:08 EDT 2015  Total:  0 of 21



-------------------------------------------------
CS240: Lab 2b. cs240   
Sat Aug 29 15:25:50 EDT 2015
-------------------------------------------------
test_mystring test1                 : 3   of 3  
test_mystring test2                 : 3   of 3  
test_mystring test3                 : 3   of 3  
test_mystring test4                 : 3   of 3  
test_mystring test5                 : 3   of 3  
test_mystring test6                 : 3   of 3  
test_mystring test7                 : 3   of 3  
-------------------------------------------------
CS240: Lab 2b. cs240 Sat Aug 29 15:25:50 EDT 2015  Total:  21 of 21



-------------------------------------------------
CS240: Lab 2b. cs240   
Sat Aug 29 15:26:57 EDT 2015
-------------------------------------------------
test_mystring test1                 : 3   of 3  
test_mystring test2                 : 3   of 3  
test_mystring test3                 : 3   of 3  
test_mystring test4                 : 3   of 3  
test_mystring test5                 : 3   of 3  
test_mystring test6                 : 3   of 3  
test_mystring test7                 : 3   of 3  
-------------------------------------------------
CS240: Lab 2b. cs240 Sat Aug 29 15:26:57 EDT 2015  Total:  21 of 21



-------------------------------------------------
CS240: Lab 2b. cs240   
Sat Aug 29 15:27:45 EDT 2015
-------------------------------------------------
test_mystring test1                 : 0   of 3  
test_mystring test2                 : 0   of 3  
test_mystring test3                 : 0   of 3  
test_mystring test4                 : 0   of 3  
test_mystring test5                 : 0   of 3  
test_mystring test6                 : 0   of 3  
test_mystring test7                 : 0   of 3  
-------------------------------------------------
CS240: Lab 2b. cs240 Sat Aug 29 15:27:45 EDT 2015  Total:  0 of 21



-------------------------------------------------
CS240: Lab 2b. cs240   
Sat Aug 29 15:28:05 EDT 2015
-------------------------------------------------
test_mystring test1                 : 0   of 3  
test_mystring test2                 : 0   of 3  
test_mystring test3                 : 0   of 3  
test_mystring test4                 : 0   of 3  
test_mystring test5                 : 0   of 3  
test_mystring test6                 : 0   of 3  
test_mystring test7                 : 0   of 3  
-------------------------------------------------
CS240: Lab 2b. cs240 Sat Aug 29 15:28:05 EDT 2015  Total:  0 of 21



-------------------------------------------------
CS240: Lab 2. rravind   
Tue Sep  5 18:23:19 EDT 2017
-------------------------------------------------
test_mystring test1                 : 3   of 3  
test_mystring test2                 : 3   of 3  
test_mystring test3                 : 0   of 3  
test_mystring test4                 : 3   of 3  
test_mystring test5                 : 3   of 3  
test_mystring test6                 : 0   of 3  
test_mystring test7                 : 3   of 3  
-------------------------------------------------
CS240: Lab 2. rravind Tue Sep 5 18:23:19 EDT 2017  Total:  15 of 21



-------------------------------------------------
CS240: Lab 2. rravind   
Tue Sep  5 18:27:07 EDT 2017
-------------------------------------------------
test_mystring test1                 : 3   of 3  
test_mystring test2                 : 3   of 3  
test_mystring test3                 : 3   of 3  
test_mystring test4                 : 3   of 3  
test_mystring test5                 : 3   of 3  
test_mystring test6                 : 0   of 3  
test_mystring test7                 : 3   of 3  
-------------------------------------------------
CS240: Lab 2. rravind Tue Sep 5 18:27:07 EDT 2017  Total:  18 of 21



-------------------------------------------------
CS240: Lab 2. rravind   
Tue Sep  5 18:35:25 EDT 2017
-------------------------------------------------
test_mystring test1                 : 3   of 3  
test_mystring test2                 : 3   of 3  
test_mystring test3                 : 3   of 3  
test_mystring test4                 : 3   of 3  
test_mystring test5                 : 3   of 3  
test_mystring test6                 : 3   of 3  
test_mystring test7                 : 3   of 3  
-------------------------------------------------
CS240: Lab 2. rravind Tue Sep 5 18:35:25 EDT 2017  Total:  21 of 21



-------------------------------------------------
CS240: Lab 2. rravind   
Thu Sep  7 11:27:14 EDT 2017
-------------------------------------------------
test_mystring test1                 : 3   of 3  
test_mystring test2                 : 3   of 3  
test_mystring test3                 : 3   of 3  
test_mystring test4                 : 3   of 3  
test_mystring test5                 : 3   of 3  
test_mystring test6                 : 3   of 3  
test_mystring test7                 : 3   of 3  
-------------------------------------------------
CS240: Lab 2. rravind Thu Sep 7 11:27:14 EDT 2017  Total:  21 of 21



-------------------------------------------------
CS240: Lab 2. rravind   
Thu Sep  7 12:08:29 EDT 2017
-------------------------------------------------
test_mystring test1                 : 3   of 3  
test_mystring test2                 : 3   of 3  
test_mystring test3                 : 3   of 3  
test_mystring test4                 : 3   of 3  
test_mystring test5                 : 3   of 3  
test_mystring test6                 : 3   of 3  
test_mystring test7                 : 3   of 3  
-------------------------------------------------
CS240: Lab 2. rravind Thu Sep 7 12:08:29 EDT 2017  Total:  21 of 21

