CS240: lab5. cs240 Mon Sep 28 22:37:35 EDT 2015  Total:  0 of 126

CS240: lab5. cs240 Mon Sep 28 22:39:53 EDT 2015  Total:  59 of 126

CS240: lab5. cs240 Mon Sep 28 22:43:06 EDT 2015  Total:  64 of 126

CS240: lab5. cs240 Mon Sep 28 22:44:48 EDT 2015  Total:  64 of 126

CS240: lab5. cs240 Mon Sep 28 22:46:21 EDT 2015  Total:  64 of 126

CS240: lab5. cs240 Mon Sep 28 22:48:52 EDT 2015  Total:  39 of 126

CS240: lab5. cs240 Mon Sep 28 22:50:29 EDT 2015  Total:  3 of 126

CS240: lab5. cs240 Mon Sep 28 22:51:48 EDT 2015  Total:  3 of 126

CS240: lab4. cs240 Mon Sep 28 22:52:08 EDT 2015  Total:  3 of 126

CS240: lab4. cs240 Mon Sep 28 22:52:21 EDT 2015  Total:  3 of 126

CS240: lab4. cs240 Mon Sep 28 22:55:01 EDT 2015  Total:  3 of 126

CS240: lab4. cs240 Mon Sep 28 22:55:05 EDT 2015  Total:  3 of 126

CS240: lab4. cs240 Mon Sep 28 22:58:06 EDT 2015  Total:  3 of 116

CS240: lab4. cs240 Mon Sep 28 22:59:19 EDT 2015  Total:  3 of 102

CS240: lab4. cs240 Mon Sep 28 22:59:48 EDT 2015  Total:  3 of 100

CS240: lab4. cs240 Sat Jan 28 23:09:32 EST 2017  Total:  0 of 43

CS240: lab4. rravind Fri Sep 22 22:08:20 EDT 2017  Total:  0 of 43

CS240: lab4. rravind Wed Sep 27 09:49:18 EDT 2017  Total:  0 of 43

CS240: lab4. rravind Wed Sep 27 13:55:36 EDT 2017  Total:  10 of 43

CS240: lab4. rravind Wed Sep 27 13:56:47 EDT 2017  Total:  18 of 43

CS240: lab4. rravind Wed Sep 27 14:35:33 EDT 2017  Total:  18 of 43

CS240: lab4. rravind Wed Sep 27 15:58:36 EDT 2017  Total:  18 of 43

CS240: lab4. rravind Wed Sep 27 16:53:19 EDT 2017  Total:  20 of 43

CS240: lab4. rravind Wed Sep 27 23:42:11 EDT 2017  Total:  20 of 43

CS240: lab4. rravind Wed Sep 27 23:44:07 EDT 2017  Total:  20 of 43

CS240: lab4. rravind Thu Sep 28 00:27:06 EDT 2017  Total:  20 of 43

CS240: lab4. rravind Thu Sep 28 00:29:06 EDT 2017  Total:  20 of 43

CS240: lab4. rravind Thu Sep 28 00:34:21 EDT 2017  Total:  20 of 43

CS240: lab4. rravind Thu Sep 28 00:35:36 EDT 2017  Total:  29 of 43

CS240: lab4. rravind Thu Sep 28 00:36:53 EDT 2017  Total:  32 of 43

CS240: lab4. rravind Thu Sep 28 00:38:39 EDT 2017  Total:  29 of 43

CS240: lab4. rravind Thu Sep 28 00:39:22 EDT 2017  Total:  29 of 43

CS240: lab4. rravind Thu Sep 28 00:39:28 EDT 2017  Total:  32 of 43

CS240: lab4. rravind Thu Sep 28 00:39:55 EDT 2017  Total:  32 of 43

CS240: lab4. rravind Thu Sep 28 00:40:42 EDT 2017  Total:  32 of 43

CS240: lab4. rravind Thu Sep 28 00:42:44 EDT 2017  Total:  32 of 43

CS240: lab4. rravind Thu Sep 28 00:45:40 EDT 2017  Total:  32 of 43

CS240: lab4. rravind Thu Sep 28 11:21:52 EDT 2017  Total:  32 of 43

CS240: lab4. rravind Thu Sep 28 12:16:24 EDT 2017  Total:  32 of 43

