[master (root-commit) 25f1396] 3 of 126
 Committer: CS24000 Account <cs240@data.cs.purdue.edu>
Your name and email address were configured automatically based
on your username and hostname. Please check that they are accurate.
You can suppress this message by setting them explicitly. Run the
following command and follow the instructions in your editor to edit
your configuration file:

    git config --global --edit

After doing this, you may fix the identity used for this commit with:

    git commit --amend --reset-author

 42 files changed, 1141 insertions(+)
 create mode 100644 .local.git.out
 create mode 100644 .local.total.out
 create mode 100644 Makefile
 create mode 100644 array.c
 create mode 100644 array.h
 create mode 100644 bits.c
 create mode 100644 bits.h
 create mode 100755 convert
 create mode 100644 convert.c
 create mode 100755 convert.org
 create mode 100644 convert.org.out
 create mode 100644 convert.out
 create mode 100644 diff.out
 create mode 100644 hintdump.c
 create mode 100755 mem
 create mode 100644 mem.c
 create mode 100644 mymemdump.c
 create mode 100644 mystring.c
 create mode 100644 mystring.h
 create mode 100644 none
 create mode 100644 obj/orgmemdump.o
 create mode 100755 test_array
 create mode 100644 test_array.c
 create mode 100755 test_array.org
 create mode 100644 test_array.org.out
 create mode 100644 test_array.out
 create mode 100755 test_bits
 create mode 100644 test_bits.c
 create mode 100755 test_bits.org
 create mode 100644 test_bits.org.out
 create mode 100644 test_bits.out
 create mode 100755 test_mystring
 create mode 100644 test_mystring.c
 create mode 100755 test_mystring.org
 create mode 100644 test_mystring.org.out
 create mode 100644 test_mystring.out
 create mode 100755 testall
 create mode 100755 testmemdump
 create mode 100644 testmemdump.c
 create mode 100644 testmemdump.out
 create mode 100644 total.out
 create mode 100644 total.txt
[master c37a57e] 3 of 126
 Committer: CS24000 Account <cs240@data.cs.purdue.edu>
Your name and email address were configured automatically based
on your username and hostname. Please check that they are accurate.
You can suppress this message by setting them explicitly. Run the
following command and follow the instructions in your editor to edit
your configuration file:

    git config --global --edit

After doing this, you may fix the identity used for this commit with:

    git commit --amend --reset-author

 8 files changed, 80 insertions(+), 21 deletions(-)
[master 8f4374a] 3 of 126
 Committer: CS24000 Account <cs240@data.cs.purdue.edu>
Your name and email address were configured automatically based
on your username and hostname. Please check that they are accurate.
You can suppress this message by setting them explicitly. Run the
following command and follow the instructions in your editor to edit
your configuration file:

    git config --global --edit

After doing this, you may fix the identity used for this commit with:

    git commit --amend --reset-author

 7 files changed, 37 insertions(+), 20 deletions(-)
[master ef2c14d] 3 of 116
 Committer: CS24000 Account <cs240@data.cs.purdue.edu>
Your name and email address were configured automatically based
on your username and hostname. Please check that they are accurate.
You can suppress this message by setting them explicitly. Run the
following command and follow the instructions in your editor to edit
your configuration file:

    git config --global --edit

After doing this, you may fix the identity used for this commit with:

    git commit --amend --reset-author

 9 files changed, 57 insertions(+), 40 deletions(-)
[master 975a4e3] 3 of 102
 Committer: CS24000 Account <cs240@data.cs.purdue.edu>
Your name and email address were configured automatically based
on your username and hostname. Please check that they are accurate.
You can suppress this message by setting them explicitly. Run the
following command and follow the instructions in your editor to edit
your configuration file:

    git config --global --edit

After doing this, you may fix the identity used for this commit with:

    git commit --amend --reset-author

 9 files changed, 65 insertions(+), 48 deletions(-)
[master 0c1871f] 3 of 100
 Committer: CS24000 Account <cs240@data.cs.purdue.edu>
Your name and email address were configured automatically based
on your username and hostname. Please check that they are accurate.
You can suppress this message by setting them explicitly. Run the
following command and follow the instructions in your editor to edit
your configuration file:

    git config --global --edit

After doing this, you may fix the identity used for this commit with:

    git commit --amend --reset-author

 9 files changed, 41 insertions(+), 24 deletions(-)
[master 55402a6] 0 of 43
 Committer: CS24000 Account <cs240@data.cs.purdue.edu>
Your name and email address were configured automatically based
on your username and hostname. Please check that they are accurate.
You can suppress this message by setting them explicitly. Run the
following command and follow the instructions in your editor to edit
your configuration file:

    git config --global --edit

After doing this, you may fix the identity used for this commit with:

    git commit --amend --reset-author

 5 files changed, 18 insertions(+), 53 deletions(-)
 rewrite Makefile (80%)
 create mode 100644 total.out
[master e379205] 0 of 43
 3 files changed, 5 insertions(+), 5 deletions(-)
[master 9abba38] 0 of 43
 3 files changed, 21 insertions(+), 3 deletions(-)
[master e21fca2] 10 of 43
 4 files changed, 51 insertions(+), 5 deletions(-)
[master 32e7511] 18 of 43
 2 files changed, 2 insertions(+), 2 deletions(-)
[master 5e8fb4e] 18 of 43
 1 file changed, 1 insertion(+), 1 deletion(-)
[master 9b8d7a0] 18 of 43
 1 file changed, 1 insertion(+), 1 deletion(-)
[master d20abc4] 20 of 43
 2 files changed, 111 insertions(+), 66 deletions(-)
 rewrite convert.c (81%)
[master e006ecc] 20 of 43
 4 files changed, 26 insertions(+), 9 deletions(-)
[master b6c3cae] 20 of 43
 4 files changed, 12 insertions(+), 11 deletions(-)
[master 4c9f0f1] 20 of 43
 4 files changed, 10 insertions(+), 10 deletions(-)
[master 11a8db2] 20 of 43
 1 file changed, 1 insertion(+), 1 deletion(-)
[master 5e25b9f] 20 of 43
 4 files changed, 14 insertions(+), 7 deletions(-)
[master 8806c23] 29 of 43
 4 files changed, 22 insertions(+), 11 deletions(-)
[master 70a416c] 32 of 43
 4 files changed, 10 insertions(+), 5 deletions(-)
[master 3815581] 29 of 43
 4 files changed, 6 insertions(+), 6 deletions(-)
[master d5c710f] 29 of 43
 2 files changed, 2 insertions(+), 2 deletions(-)
[master 060fab8] 32 of 43
 4 files changed, 6 insertions(+), 6 deletions(-)
[master 2a16035] 32 of 43
 2 files changed, 2 insertions(+), 2 deletions(-)
[master de47c58] 32 of 43
 4 files changed, 9 insertions(+), 9 deletions(-)
[master 84975ce] 32 of 43
 2 files changed, 7 insertions(+), 4 deletions(-)
[master c9aaebc] 32 of 43
 1 file changed, 1 insertion(+), 1 deletion(-)
[master da6882d] 32 of 43
 1 file changed, 1 insertion(+), 1 deletion(-)
[master 28fb4f8] 32 of 43
 1 file changed, 1 insertion(+), 1 deletion(-)
