CS240: lab6. cs240 Tue Mar 31 00:09:52 EDT 2015  Total:  0 of 12

CS240: lab6. cs240 Tue Mar 31 00:10:08 EDT 2015  Total:  12 of 12

CS240: lab6. cs240 Tue Mar 31 00:11:07 EDT 2015  Total:  0 of 12

CS240: lab6. cs240 Tue Mar 31 00:11:39 EDT 2015  Total:  0 of 12

CS240: lab6. cs240 Tue Mar 31 00:13:58 EDT 2015  Total:  0 of 12

CS240: lab6. cs240 Mon Apr 13 14:14:57 EDT 2015  Total:  0 of 62

CS240: lab10. cs240 Sun Apr 2 19:37:56 EDT 2017  Total:  0 of 50

CS240: lab10. cs240 Sun Apr 2 19:40:33 EDT 2017  Total:  0 of 50

CS240: lab10. rravind Wed Nov 15 14:33:44 EST 2017  Total:  15 of 50

CS240: lab10. rravind Wed Nov 15 14:51:29 EST 2017  Total:  15 of 50

CS240: lab10. rravind Wed Nov 15 15:15:13 EST 2017  Total:  15 of 50

CS240: lab10. rravind Wed Nov 15 15:30:38 EST 2017  Total:  10 of 50

CS240: lab10. rravind Wed Nov 15 15:36:53 EST 2017  Total:  15 of 50

CS240: lab10. rravind Wed Nov 15 15:46:55 EST 2017  Total:  15 of 50

CS240: lab10. rravind Wed Nov 15 15:57:32 EST 2017  Total:  20 of 50

CS240: lab10. rravind Wed Nov 15 15:59:59 EST 2017  Total:  0 of 50

CS240: lab10. rravind Wed Nov 15 16:02:11 EST 2017  Total:  20 of 50

CS240: lab10. rravind Wed Nov 15 16:04:09 EST 2017  Total:  25 of 50

CS240: lab10. rravind Wed Nov 15 18:04:50 EST 2017  Total:  25 of 50

CS240: lab10. rravind Wed Nov 15 18:13:13 EST 2017  Total:  25 of 50

CS240: lab10. rravind Wed Nov 15 18:15:20 EST 2017  Total:  25 of 50

CS240: lab10. rravind Wed Nov 15 18:16:50 EST 2017  Total:  25 of 50

CS240: lab10. rravind Wed Nov 15 18:18:02 EST 2017  Total:  35 of 50

CS240: lab10. rravind Wed Nov 15 18:21:37 EST 2017  Total:  30 of 50

CS240: lab10. rravind Wed Nov 15 18:22:57 EST 2017  Total:  35 of 50

CS240: lab10. rravind Wed Nov 15 18:28:02 EST 2017  Total:  50 of 50

CS240: lab10. rravind Wed Nov 15 18:32:28 EST 2017  Total:  50 of 50

CS240: lab10. rravind Wed Nov 15 18:34:05 EST 2017  Total:  50 of 50

CS240: lab10. rravind Wed Nov 15 19:50:52 EST 2017  Total:  50 of 50

CS240: lab10. rravind Wed Nov 15 20:03:49 EST 2017  Total:  50 of 50

CS240: lab10. rravind Thu Nov 16 11:24:50 EST 2017  Total:  50 of 50

CS240: lab10. rravind Thu Nov 16 11:53:28 EST 2017  Total:  50 of 50

