M	myMalloc.c
Your branch is up to date with 'origin/master'.
[master b94bee2] Commit
 1 file changed, 42 insertions(+)
M	myMalloc.c
Your branch is up to date with 'origin/master'.
[master a93c46a] Commit
 1 file changed, 1 insertion(+), 1 deletion(-)
M	myMalloc.c
Your branch is up to date with 'origin/master'.
[master a240c66] Commit
 1 file changed, 3 insertions(+), 7 deletions(-)
Your branch is up to date with 'origin/master'.
On branch master
Your branch is up to date with 'origin/master'.

Untracked files:
	.local.git.out
	examples/composite_ex
	examples/constructor_ex
	tests/test_all_lists
	tests/test_coalesce_chunk_coalesce
	tests/test_coalesce_chunk_insert
	tests/test_corrupted_canary
	tests/test_double_free
	tests/test_exact
	tests/test_free_both
	tests/test_free_even
	tests/test_free_insert
	tests/test_free_left
	tests/test_free_null
	tests/test_free_odd
	tests/test_free_right
	tests/test_insert_chunk
	tests/test_large
	tests/test_locks
	tests/test_malloc_large
	tests/test_malloc_too_large
	tests/test_malloc_zero
	tests/test_multi_malloc
	tests/test_out_of_ram
	tests/test_random
	tests/test_random_sizes
	tests/test_simple0
	tests/test_simple1
	tests/test_simple2
	tests/test_simple3
	tests/test_simple4
	tests/test_simple5
	tests/test_simple6
	tests/test_split
	tests/test_verify
	tests/test_very_large

nothing added to commit but untracked files present
M	myMalloc.c
Your branch is up to date with 'origin/master'.
[master 939dc89] Commit
 1 file changed, 12 insertions(+), 2 deletions(-)
M	myMalloc.c
Your branch is up to date with 'origin/master'.
[master 3bb5354] Commit
 1 file changed, 2 insertions(+), 2 deletions(-)
M	myMalloc.c
Your branch is up to date with 'origin/master'.
[master 96a757a] Commit
 1 file changed, 1 insertion(+), 1 deletion(-)
M	myMalloc.c
Your branch is up to date with 'origin/master'.
[master 2ae7f05] Commit
 1 file changed, 8 insertions(+), 1 deletion(-)
M	myMalloc.c
Your branch is up to date with 'origin/master'.
[master ee3e09e] Commit
 1 file changed, 9 insertions(+), 10 deletions(-)
M	myMalloc.c
Your branch is up to date with 'origin/master'.
[master fb0be90] Commit
 1 file changed, 4 insertions(+), 2 deletions(-)
M	myMalloc.c
Your branch is up to date with 'origin/master'.
[master a3dba55] Commit
 1 file changed, 13 insertions(+), 52 deletions(-)
M	myMalloc.c
Your branch is up to date with 'origin/master'.
[master cb9b821] Commit
 1 file changed, 4 insertions(+), 1 deletion(-)
M	myMalloc.c
Your branch is up to date with 'origin/master'.
[master 2eebff0] Commit
 1 file changed, 7 insertions(+), 1 deletion(-)
M	myMalloc.c
Your branch is up to date with 'origin/master'.
[master 8ec533a] Commit
 1 file changed, 8 insertions(+), 1 deletion(-)
M	myMalloc.c
Your branch is up to date with 'origin/master'.
[master 4766353] Commit
 1 file changed, 23 insertions(+), 2 deletions(-)
M	myMalloc.c
Your branch is up to date with 'origin/master'.
[master 6bb0836] Commit
 1 file changed, 12 insertions(+), 2 deletions(-)
M	myMalloc.c
Your branch is up to date with 'origin/master'.
[master 16f181f] Commit
 1 file changed, 1 insertion(+), 1 deletion(-)
M	myMalloc.c
Your branch is up to date with 'origin/master'.
[master abbc6c4] Commit
 1 file changed, 1 insertion(+), 1 deletion(-)
M	myMalloc.c
Your branch is up to date with 'origin/master'.
[master 8d69a36] Commit
 1 file changed, 1 insertion(+), 1 deletion(-)
M	myMalloc.c
Your branch is up to date with 'origin/master'.
[master 50fece9] Commit
 1 file changed, 24 insertions(+), 9 deletions(-)
M	myMalloc.c
Your branch is up to date with 'origin/master'.
[master 70ae50d] Commit
 1 file changed, 1 insertion(+), 1 deletion(-)
M	myMalloc.c
Your branch is up to date with 'origin/master'.
[master 3939e8f] Commit
 1 file changed, 1 insertion(+), 1 deletion(-)
M	myMalloc.c
Your branch is up to date with 'origin/master'.
[master e29c843] Commit
 1 file changed, 16 insertions(+), 1 deletion(-)
M	myMalloc.c
Your branch is up to date with 'origin/master'.
[master 5869f5b] Commit
 1 file changed, 4 insertions(+), 2 deletions(-)
M	myMalloc.c
Your branch is up to date with 'origin/master'.
[master 44ea66c] Commit
 1 file changed, 84 insertions(+)
M	myMalloc.c
Your branch is up to date with 'origin/master'.
[master 8404862] Commit
 1 file changed, 4 insertions(+), 3 deletions(-)
M	myMalloc.c
Your branch is up to date with 'origin/master'.
[master 887823b] Commit
 1 file changed, 3 insertions(+)
M	myMalloc.c
Your branch is up to date with 'origin/master'.
[master 5551bcc] Commit
 1 file changed, 4 insertions(+)
M	myMalloc.c
Your branch is up to date with 'origin/master'.
[master b130dd5] Commit
 1 file changed, 7 insertions(+), 3 deletions(-)
M	myMalloc.c
Your branch is up to date with 'origin/master'.
[master 2b59ad2] Commit
 1 file changed, 39 insertions(+), 106 deletions(-)
M	myMalloc.c
Your branch is up to date with 'origin/master'.
[master 5332f82] Commit
 1 file changed, 2 insertions(+), 2 deletions(-)
Your branch is up to date with 'origin/master'.
On branch master
Your branch is up to date with 'origin/master'.

Untracked files:
	.local.git.out
	examples/composite_ex
	examples/constructor_ex
	tests/test_all_lists
	tests/test_coalesce_chunk_coalesce
	tests/test_coalesce_chunk_insert
	tests/test_corrupted_canary
	tests/test_double_free
	tests/test_exact
	tests/test_free_both
	tests/test_free_even
	tests/test_free_insert
	tests/test_free_left
	tests/test_free_null
	tests/test_free_odd
	tests/test_free_right
	tests/test_insert_chunk
	tests/test_large
	tests/test_locks
	tests/test_malloc_large
	tests/test_malloc_too_large
	tests/test_malloc_zero
	tests/test_multi_malloc
	tests/test_out_of_ram
	tests/test_random
	tests/test_random_sizes
	tests/test_simple0
	tests/test_simple1
	tests/test_simple2
	tests/test_simple3
	tests/test_simple4
	tests/test_simple5
	tests/test_simple6
	tests/test_split
	tests/test_verify
	tests/test_very_large

nothing added to commit but untracked files present
M	myMalloc.c
Your branch is up to date with 'origin/master'.
[master 728f894] Commit
 1 file changed, 3 insertions(+), 3 deletions(-)
M	myMalloc.c
Your branch is up to date with 'origin/master'.
[master cfa3e20] Commit
 1 file changed, 2 insertions(+), 1 deletion(-)
M	myMalloc.c
Your branch is up to date with 'origin/master'.
[master a1f143d] Commit
 1 file changed, 2 insertions(+), 5 deletions(-)
M	myMalloc.c
Your branch is up to date with 'origin/master'.
[master f059fe2] Commit
 1 file changed, 102 insertions(+), 74 deletions(-)
M	myMalloc.c
Your branch is up to date with 'origin/master'.
[master 6235ea2] Commit
 1 file changed, 8 insertions(+), 8 deletions(-)
M	myMalloc.c
Your branch is up to date with 'origin/master'.
[master f789e6b] Commit
 1 file changed, 1 insertion(+), 1 deletion(-)
M	myMalloc.c
Your branch is up to date with 'origin/master'.
[master f945d25] Commit
 1 file changed, 2 insertions(+), 2 deletions(-)
M	myMalloc.c
Your branch is up to date with 'origin/master'.
[master 440cc26] Commit
 1 file changed, 3 insertions(+), 2 deletions(-)
M	myMalloc.c
Your branch is up to date with 'origin/master'.
[master 38e2bd1] Commit
 1 file changed, 1 insertion(+), 1 deletion(-)
M	myMalloc.c
Your branch is up to date with 'origin/master'.
[master f3d4e73] Commit
 1 file changed, 1 insertion(+), 1 deletion(-)
M	myMalloc.c
Your branch is up to date with 'origin/master'.
[master 5d1b232] Commit
 1 file changed, 2 insertions(+), 2 deletions(-)
Your branch is up to date with 'origin/master'.
On branch master
Your branch is up to date with 'origin/master'.

Untracked files:
	.local.git.out
	examples/composite_ex
	examples/constructor_ex
	tests/test_all_lists
	tests/test_coalesce_chunk_coalesce
	tests/test_coalesce_chunk_insert
	tests/test_corrupted_canary
	tests/test_double_free
	tests/test_exact
	tests/test_free_both
	tests/test_free_even
	tests/test_free_insert
	tests/test_free_left
	tests/test_free_null
	tests/test_free_odd
	tests/test_free_right
	tests/test_insert_chunk
	tests/test_large
	tests/test_locks
	tests/test_malloc_large
	tests/test_malloc_too_large
	tests/test_malloc_zero
	tests/test_multi_malloc
	tests/test_out_of_ram
	tests/test_random
	tests/test_random_sizes
	tests/test_simple0
	tests/test_simple1
	tests/test_simple2
	tests/test_simple3
	tests/test_simple4
	tests/test_simple5
	tests/test_simple6
	tests/test_split
	tests/test_verify
	tests/test_very_large

nothing added to commit but untracked files present
M	myMalloc.c
Your branch is up to date with 'origin/master'.
[master eb05a12] Commit
 1 file changed, 24 insertions(+), 62 deletions(-)
Your branch is up to date with 'origin/master'.
On branch master
Your branch is up to date with 'origin/master'.

Untracked files:
	.local.git.out
	examples/composite_ex
	examples/constructor_ex
	tests/test_all_lists
	tests/test_coalesce_chunk_coalesce
	tests/test_coalesce_chunk_insert
	tests/test_corrupted_canary
	tests/test_double_free
	tests/test_exact
	tests/test_free_both
	tests/test_free_even
	tests/test_free_insert
	tests/test_free_left
	tests/test_free_null
	tests/test_free_odd
	tests/test_free_right
	tests/test_insert_chunk
	tests/test_large
	tests/test_locks
	tests/test_malloc_large
	tests/test_malloc_too_large
	tests/test_malloc_zero
	tests/test_multi_malloc
	tests/test_out_of_ram
	tests/test_random
	tests/test_random_sizes
	tests/test_simple0
	tests/test_simple1
	tests/test_simple2
	tests/test_simple3
	tests/test_simple4
	tests/test_simple5
	tests/test_simple6
	tests/test_split
	tests/test_verify
	tests/test_very_large

nothing added to commit but untracked files present
M	myMalloc.c
Your branch is up to date with 'origin/master'.
[master 480c485] Commit
 1 file changed, 6 insertions(+), 27 deletions(-)
M	myMalloc.c
Your branch is up to date with 'origin/master'.
[master c889ddc] Commit
 1 file changed, 1 insertion(+), 1 deletion(-)
M	myMalloc.c
Your branch is up to date with 'origin/master'.
[master 6cd4c54] Commit
 1 file changed, 1 insertion(+), 1 deletion(-)
M	myMalloc.c
Your branch is up to date with 'origin/master'.
[master f105aa9] Commit
 1 file changed, 3 insertions(+), 3 deletions(-)
M	myMalloc.c
Your branch is up to date with 'origin/master'.
[master 4f9d9ad] Commit
 1 file changed, 2 insertions(+)
M	myMalloc.c
Your branch is up to date with 'origin/master'.
[master 28aecb6] Commit
 1 file changed, 1 insertion(+), 1 deletion(-)
M	myMalloc.c
Your branch is up to date with 'origin/master'.
[master f519725] Commit
 1 file changed, 2 insertions(+), 1 deletion(-)
M	myMalloc.c
Your branch is up to date with 'origin/master'.
[master 04fe4b3] Commit
 1 file changed, 1 insertion(+), 1 deletion(-)
M	myMalloc.c
Your branch is up to date with 'origin/master'.
[master a2fe11a] Commit
 1 file changed, 3 insertions(+), 1 deletion(-)
M	myMalloc.c
Your branch is up to date with 'origin/master'.
[master eeceec8] Commit
 1 file changed, 1 insertion(+), 1 deletion(-)
M	myMalloc.c
Your branch is up to date with 'origin/master'.
[master cf1edcb] Commit
 1 file changed, 1 insertion(+), 1 deletion(-)
M	myMalloc.c
Your branch is up to date with 'origin/master'.
[master e167ddc] Commit
 1 file changed, 2 insertions(+)
M	myMalloc.c
Your branch is up to date with 'origin/master'.
[master b81dd0f] Commit
 1 file changed, 1 insertion(+)
M	myMalloc.c
Your branch is up to date with 'origin/master'.
[master 4b829ab] Commit
 1 file changed, 1 insertion(+), 7 deletions(-)
M	myMalloc.c
Your branch is up to date with 'origin/master'.
[master 0b5ff7a] Commit
 1 file changed, 1 insertion(+), 1 deletion(-)
M	myMalloc.c
Your branch is up to date with 'origin/master'.
[master 6297a49] Commit
 1 file changed, 22 insertions(+), 3 deletions(-)
M	myMalloc.c
Your branch is up to date with 'origin/master'.
[master 229c1bc] Commit
 1 file changed, 1 insertion(+), 1 deletion(-)
M	myMalloc.c
Your branch is up to date with 'origin/master'.
[master b4c11f5] Commit
 1 file changed, 1 insertion(+), 1 deletion(-)
M	myMalloc.c
Your branch is up to date with 'origin/master'.
[master 7fafdb3] Commit
 1 file changed, 3 insertions(+), 2 deletions(-)
M	myMalloc.c
Your branch is up to date with 'origin/master'.
[master 71230c3] Commit
 1 file changed, 54 insertions(+), 1 deletion(-)
M	myMalloc.c
Your branch is up to date with 'origin/master'.
[master 4c4b642] Commit
 1 file changed, 1 insertion(+), 1 deletion(-)
Your branch is up to date with 'origin/master'.
On branch master
Your branch is up to date with 'origin/master'.

Untracked files:
	.local.git.out
	examples/composite_ex
	examples/constructor_ex
	tests/test_all_lists
	tests/test_coalesce_chunk_coalesce
	tests/test_coalesce_chunk_insert
	tests/test_corrupted_canary
	tests/test_double_free
	tests/test_exact
	tests/test_free_both
	tests/test_free_even
	tests/test_free_insert
	tests/test_free_left
	tests/test_free_null
	tests/test_free_odd
	tests/test_free_right
	tests/test_insert_chunk
	tests/test_large
	tests/test_locks
	tests/test_malloc_large
	tests/test_malloc_too_large
	tests/test_malloc_zero
	tests/test_multi_malloc
	tests/test_out_of_ram
	tests/test_random
	tests/test_random_sizes
	tests/test_simple0
	tests/test_simple1
	tests/test_simple2
	tests/test_simple3
	tests/test_simple4
	tests/test_simple5
	tests/test_simple6
	tests/test_split
	tests/test_verify
	tests/test_very_large

nothing added to commit but untracked files present
M	myMalloc.c
Your branch is up to date with 'origin/master'.
[master 24d336d] Commit
 1 file changed, 3 insertions(+), 2 deletions(-)
Your branch is up to date with 'origin/master'.
On branch master
Your branch is up to date with 'origin/master'.

Untracked files:
	.local.git.out
	examples/composite_ex
	examples/constructor_ex
	tests/test_all_lists
	tests/test_coalesce_chunk_coalesce
	tests/test_coalesce_chunk_insert
	tests/test_corrupted_canary
	tests/test_double_free
	tests/test_exact
	tests/test_free_both
	tests/test_free_even
	tests/test_free_insert
	tests/test_free_left
	tests/test_free_null
	tests/test_free_odd
	tests/test_free_right
	tests/test_insert_chunk
	tests/test_large
	tests/test_locks
	tests/test_malloc_large
	tests/test_malloc_too_large
	tests/test_malloc_zero
	tests/test_multi_malloc
	tests/test_out_of_ram
	tests/test_random
	tests/test_random_sizes
	tests/test_simple0
	tests/test_simple1
	tests/test_simple2
	tests/test_simple3
	tests/test_simple4
	tests/test_simple5
	tests/test_simple6
	tests/test_split
	tests/test_verify
	tests/test_very_large

nothing added to commit but untracked files present
Your branch is up to date with 'origin/master'.
On branch master
Your branch is up to date with 'origin/master'.

Untracked files:
	.local.git.out
	examples/composite_ex
	examples/constructor_ex
	tests/test_all_lists
	tests/test_coalesce_chunk_coalesce
	tests/test_coalesce_chunk_insert
	tests/test_corrupted_canary
	tests/test_double_free
	tests/test_exact
	tests/test_free_both
	tests/test_free_even
	tests/test_free_insert
	tests/test_free_left
	tests/test_free_null
	tests/test_free_odd
	tests/test_free_right
	tests/test_insert_chunk
	tests/test_large
	tests/test_locks
	tests/test_malloc_large
	tests/test_malloc_too_large
	tests/test_malloc_zero
	tests/test_multi_malloc
	tests/test_out_of_ram
	tests/test_random
	tests/test_random_sizes
	tests/test_simple0
	tests/test_simple1
	tests/test_simple2
	tests/test_simple3
	tests/test_simple4
	tests/test_simple5
	tests/test_simple6
	tests/test_split
	tests/test_verify
	tests/test_very_large

nothing added to commit but untracked files present
Your branch is up to date with 'origin/master'.
On branch master
Your branch is up to date with 'origin/master'.

Untracked files:
	.local.git.out
	examples/composite_ex
	examples/constructor_ex
	tests/test_all_lists
	tests/test_coalesce_chunk_coalesce
	tests/test_coalesce_chunk_insert
	tests/test_corrupted_canary
	tests/test_double_free
	tests/test_exact
	tests/test_free_both
	tests/test_free_even
	tests/test_free_insert
	tests/test_free_left
	tests/test_free_null
	tests/test_free_odd
	tests/test_free_right
	tests/test_insert_chunk
	tests/test_large
	tests/test_locks
	tests/test_malloc_large
	tests/test_malloc_too_large
	tests/test_malloc_zero
	tests/test_multi_malloc
	tests/test_out_of_ram
	tests/test_random
	tests/test_random_sizes
	tests/test_simple0
	tests/test_simple1
	tests/test_simple2
	tests/test_simple3
	tests/test_simple4
	tests/test_simple5
	tests/test_simple6
	tests/test_split
	tests/test_verify
	tests/test_very_large

nothing added to commit but untracked files present
Your branch is up to date with 'origin/master'.
On branch master
Your branch is up to date with 'origin/master'.

Untracked files:
	.local.git.out
	examples/composite_ex
	examples/constructor_ex
	tests/test_all_lists
	tests/test_coalesce_chunk_coalesce
	tests/test_coalesce_chunk_insert
	tests/test_corrupted_canary
	tests/test_double_free
	tests/test_exact
	tests/test_free_both
	tests/test_free_even
	tests/test_free_insert
	tests/test_free_left
	tests/test_free_null
	tests/test_free_odd
	tests/test_free_right
	tests/test_insert_chunk
	tests/test_large
	tests/test_locks
	tests/test_malloc_large
	tests/test_malloc_too_large
	tests/test_malloc_zero
	tests/test_multi_malloc
	tests/test_out_of_ram
	tests/test_random
	tests/test_random_sizes
	tests/test_simple0
	tests/test_simple1
	tests/test_simple2
	tests/test_simple3
	tests/test_simple4
	tests/test_simple5
	tests/test_simple6
	tests/test_split
	tests/test_verify
	tests/test_very_large

nothing added to commit but untracked files present
Your branch is up to date with 'origin/master'.
On branch master
Your branch is up to date with 'origin/master'.

Untracked files:
	.local.git.out
	examples/composite_ex
	examples/constructor_ex
	tests/test_all_lists
	tests/test_coalesce_chunk_coalesce
	tests/test_coalesce_chunk_insert
	tests/test_corrupted_canary
	tests/test_double_free
	tests/test_exact
	tests/test_free_both
	tests/test_free_even
	tests/test_free_insert
	tests/test_free_left
	tests/test_free_null
	tests/test_free_odd
	tests/test_free_right
	tests/test_insert_chunk
	tests/test_large
	tests/test_locks
	tests/test_malloc_large
	tests/test_malloc_too_large
	tests/test_malloc_zero
	tests/test_multi_malloc
	tests/test_out_of_ram
	tests/test_random
	tests/test_random_sizes
	tests/test_simple0
	tests/test_simple1
	tests/test_simple2
	tests/test_simple3
	tests/test_simple4
	tests/test_simple5
	tests/test_simple6
	tests/test_split
	tests/test_verify
	tests/test_very_large

nothing added to commit but untracked files present
Your branch is up to date with 'origin/master'.
On branch master
Your branch is up to date with 'origin/master'.

Untracked files:
	.local.git.out
	examples/composite_ex
	examples/constructor_ex
	tests/test_all_lists
	tests/test_coalesce_chunk_coalesce
	tests/test_coalesce_chunk_insert
	tests/test_corrupted_canary
	tests/test_double_free
	tests/test_exact
	tests/test_free_both
	tests/test_free_even
	tests/test_free_insert
	tests/test_free_left
	tests/test_free_null
	tests/test_free_odd
	tests/test_free_right
	tests/test_insert_chunk
	tests/test_large
	tests/test_locks
	tests/test_malloc_large
	tests/test_malloc_too_large
	tests/test_malloc_zero
	tests/test_multi_malloc
	tests/test_out_of_ram
	tests/test_random
	tests/test_random_sizes
	tests/test_simple0
	tests/test_simple1
	tests/test_simple2
	tests/test_simple3
	tests/test_simple4
	tests/test_simple5
	tests/test_simple6
	tests/test_split
	tests/test_verify
	tests/test_very_large

nothing added to commit but untracked files present
M	myMalloc.c
Your branch is up to date with 'origin/master'.
[master 9afde14] Commit
 1 file changed, 4 insertions(+), 3 deletions(-)
M	myMalloc.c
Your branch is up to date with 'origin/master'.
[master 6281dd2] Commit
 1 file changed, 8 insertions(+), 6 deletions(-)
M	myMalloc.c
Your branch is up to date with 'origin/master'.
[master c1f3f6e] Commit
 1 file changed, 1 insertion(+), 9 deletions(-)
M	myMalloc.c
Your branch is up to date with 'origin/master'.
[master 41dddab] Commit
 1 file changed, 4 insertions(+)
M	myMalloc.c
Your branch is up to date with 'origin/master'.
[master d498702] Commit
 1 file changed, 6 insertions(+), 2 deletions(-)
M	myMalloc.c
Your branch is up to date with 'origin/master'.
[master 663e90a] Commit
 1 file changed, 10 insertions(+), 2 deletions(-)
M	myMalloc.c
Your branch is up to date with 'origin/master'.
[master b013eab] Commit
 1 file changed, 3 insertions(+), 4 deletions(-)
M	myMalloc.c
Your branch is up to date with 'origin/master'.
[master 5101ef3] Commit
 1 file changed, 4 insertions(+)
M	myMalloc.c
Your branch is up to date with 'origin/master'.
[master bb17ff6] Commit
 1 file changed, 20 insertions(+), 3 deletions(-)
M	myMalloc.c
Your branch is up to date with 'origin/master'.
[master 886e08d] Commit
 1 file changed, 3 insertions(+)
Your branch is up to date with 'origin/master'.
On branch master
Your branch is up to date with 'origin/master'.

Untracked files:
	.local.git.out
	examples/composite_ex
	examples/constructor_ex
	tests/test_all_lists
	tests/test_coalesce_chunk_coalesce
	tests/test_coalesce_chunk_insert
	tests/test_corrupted_canary
	tests/test_double_free
	tests/test_exact
	tests/test_free_both
	tests/test_free_even
	tests/test_free_insert
	tests/test_free_left
	tests/test_free_null
	tests/test_free_odd
	tests/test_free_right
	tests/test_insert_chunk
	tests/test_large
	tests/test_locks
	tests/test_malloc_large
	tests/test_malloc_too_large
	tests/test_malloc_zero
	tests/test_multi_malloc
	tests/test_out_of_ram
	tests/test_random
	tests/test_random_sizes
	tests/test_simple0
	tests/test_simple1
	tests/test_simple2
	tests/test_simple3
	tests/test_simple4
	tests/test_simple5
	tests/test_simple6
	tests/test_split
	tests/test_verify
	tests/test_very_large

nothing added to commit but untracked files present
M	myMalloc.c
Your branch is up to date with 'origin/master'.
[master fd5293b] Commit
 1 file changed, 1 insertion(+), 7 deletions(-)
Your branch is up to date with 'origin/master'.
On branch master
Your branch is up to date with 'origin/master'.

Untracked files:
	.local.git.out
	examples/composite_ex
	examples/constructor_ex
	tests/test_all_lists
	tests/test_coalesce_chunk_coalesce
	tests/test_coalesce_chunk_insert
	tests/test_corrupted_canary
	tests/test_double_free
	tests/test_exact
	tests/test_free_both
	tests/test_free_even
	tests/test_free_insert
	tests/test_free_left
	tests/test_free_null
	tests/test_free_odd
	tests/test_free_right
	tests/test_insert_chunk
	tests/test_large
	tests/test_locks
	tests/test_malloc_large
	tests/test_malloc_too_large
	tests/test_malloc_zero
	tests/test_multi_malloc
	tests/test_out_of_ram
	tests/test_random
	tests/test_random_sizes
	tests/test_simple0
	tests/test_simple1
	tests/test_simple2
	tests/test_simple3
	tests/test_simple4
	tests/test_simple5
	tests/test_simple6
	tests/test_split
	tests/test_verify
	tests/test_very_large

nothing added to commit but untracked files present
M	tests/testsrc/test_simple5.c
Your branch is up to date with 'origin/master'.
[master 6f92ec9] Commit
 1 file changed, 1 insertion(+), 1 deletion(-)
M	myMalloc.h
Your branch is up to date with 'origin/master'.
[master 8b704b2] Commit
 1 file changed, 1 insertion(+), 1 deletion(-)
M	myMalloc.c
Your branch is up to date with 'origin/master'.
[master cb727ea] Commit
 1 file changed, 16 insertions(+), 5 deletions(-)
M	myMalloc.c
M	tests/testsrc/test_simple5.c
Your branch is up to date with 'origin/master'.
[master 8b2d784] Commit
 2 files changed, 2 insertions(+), 2 deletions(-)
M	myMalloc.c
Your branch is up to date with 'origin/master'.
[master ede8598] Commit
 1 file changed, 3 insertions(+), 1 deletion(-)
M	myMalloc.c
Your branch is up to date with 'origin/master'.
[master 33f1c12] Commit
 1 file changed, 24 insertions(+), 9 deletions(-)
M	myMalloc.c
Your branch is up to date with 'origin/master'.
[master 363095f] Commit
 1 file changed, 1 insertion(+), 1 deletion(-)
M	myMalloc.c
Your branch is up to date with 'origin/master'.
[master 24f9a65] Commit
 1 file changed, 2 insertions(+), 1 deletion(-)
M	myMalloc.c
Your branch is up to date with 'origin/master'.
[master 16f2936] Commit
 1 file changed, 8 insertions(+)
M	myMalloc.c
Your branch is up to date with 'origin/master'.
[master 25f32ee] Commit
 1 file changed, 1 insertion(+), 1 deletion(-)
M	myMalloc.c
Your branch is up to date with 'origin/master'.
[master f7a962c] Commit
 1 file changed, 32 insertions(+), 42 deletions(-)
M	myMalloc.c
Your branch is up to date with 'origin/master'.
[master 45b4096] Commit
 1 file changed, 2 insertions(+), 2 deletions(-)
M	myMalloc.c
Your branch is up to date with 'origin/master'.
[master c61f1d9] Commit
 1 file changed, 12 insertions(+), 7 deletions(-)
M	myMalloc.c
Your branch is up to date with 'origin/master'.
[master bc51cf9] Commit
 1 file changed, 1 insertion(+), 1 deletion(-)
M	myMalloc.c
Your branch is up to date with 'origin/master'.
[master 018b571] Commit
 1 file changed, 3 insertions(+), 3 deletions(-)
Your branch is up to date with 'origin/master'.
On branch master
Your branch is up to date with 'origin/master'.

Untracked files:
	.local.git.out
	examples/composite_ex
	examples/constructor_ex
	tests/test_all_lists
	tests/test_coalesce_chunk_coalesce
	tests/test_coalesce_chunk_insert
	tests/test_corrupted_canary
	tests/test_double_free
	tests/test_exact
	tests/test_free_both
	tests/test_free_even
	tests/test_free_insert
	tests/test_free_left
	tests/test_free_null
	tests/test_free_odd
	tests/test_free_right
	tests/test_insert_chunk
	tests/test_large
	tests/test_locks
	tests/test_malloc_large
	tests/test_malloc_too_large
	tests/test_malloc_zero
	tests/test_multi_malloc
	tests/test_out_of_ram
	tests/test_random
	tests/test_random_sizes
	tests/test_simple0
	tests/test_simple1
	tests/test_simple2
	tests/test_simple3
	tests/test_simple4
	tests/test_simple5
	tests/test_simple6
	tests/test_split
	tests/test_verify
	tests/test_very_large

nothing added to commit but untracked files present
M	myMalloc.c
Your branch is up to date with 'origin/master'.
[master 808c86c] Commit
 1 file changed, 2 insertions(+), 2 deletions(-)
M	myMalloc.c
Your branch is up to date with 'origin/master'.
[master 4eacddf] Commit
 1 file changed, 58 insertions(+), 43 deletions(-)
M	myMalloc.c
Your branch is up to date with 'origin/master'.
[master 4ea101e] Commit
 1 file changed, 47 insertions(+), 44 deletions(-)
M	myMalloc.c
Your branch is up to date with 'origin/master'.
[master 3ebec34] Commit
 1 file changed, 9 insertions(+), 9 deletions(-)
M	myMalloc.c
Your branch is up to date with 'origin/master'.
[master 3ded90b] Commit
 1 file changed, 2 insertions(+), 1 deletion(-)
M	myMalloc.c
M	tests/testsrc/test_simple5.c
Your branch is up to date with 'origin/master'.
[master c829112] Commit
 2 files changed, 3 insertions(+), 3 deletions(-)
M	myMalloc.c
M	tests/testsrc/test_simple5.c
Your branch is up to date with 'origin/master'.
[master 0ef5f85] Commit
 2 files changed, 3 insertions(+), 2 deletions(-)
M	myMalloc.c
Your branch is up to date with 'origin/master'.
[master 9e57b19] Commit
 1 file changed, 1 insertion(+), 1 deletion(-)
M	myMalloc.c
M	tests/Makefile
Your branch is up to date with 'origin/master'.
[master d6d9d68] Commit
 2 files changed, 2 insertions(+), 2 deletions(-)
M	myMalloc.c
M	tests/testsrc/test_simple5.c
Your branch is up to date with 'origin/master'.
[master cdc54ec] Commit
 2 files changed, 1 insertion(+), 2 deletions(-)
M	myMalloc.c
Your branch is up to date with 'origin/master'.
[master dc1be6c] Commit
 1 file changed, 3 insertions(+), 3 deletions(-)
M	myMalloc.c
Your branch is up to date with 'origin/master'.
[master 8a8a26b] Commit
 1 file changed, 1 insertion(+), 1 deletion(-)
M	myMalloc.c
Your branch is up to date with 'origin/master'.
[master b157fbd] Commit
 1 file changed, 2 insertions(+), 2 deletions(-)
M	myMalloc.c
Your branch is up to date with 'origin/master'.
[master 00d4fb3] Commit
 1 file changed, 1 insertion(+), 1 deletion(-)
M	myMalloc.c
Your branch is up to date with 'origin/master'.
[master 6f8928d] Commit
 1 file changed, 30 insertions(+), 35 deletions(-)
Your branch is up to date with 'origin/master'.
On branch master
Your branch is up to date with 'origin/master'.

Untracked files:
	.local.git.out
	diff1.txt
	diff2.txt
	final_diff.txt

nothing added to commit but untracked files present
M	myMalloc.c
Your branch is up to date with 'origin/master'.
[master 76bf132] Commit
 1 file changed, 1 insertion(+), 1 deletion(-)
M	myMalloc.c
Your branch is up to date with 'origin/master'.
[master e51612d] Commit
 1 file changed, 1 insertion(+), 1 deletion(-)
Your branch is up to date with 'origin/master'.
On branch master
Your branch is up to date with 'origin/master'.

Untracked files:
	.local.git.out
	final_diff.txt

nothing added to commit but untracked files present
D	examples/composite_ex
D	examples/constructor_ex
D	tests/test_all_lists
D	tests/test_coalesce_chunk_coalesce
D	tests/test_coalesce_chunk_insert
D	tests/test_corrupted_canary
D	tests/test_double_free
D	tests/test_exact
D	tests/test_free_both
D	tests/test_free_even
D	tests/test_free_insert
D	tests/test_free_left
D	tests/test_free_null
D	tests/test_free_odd
D	tests/test_free_right
D	tests/test_insert_chunk
D	tests/test_large
D	tests/test_locks
D	tests/test_malloc_large
D	tests/test_malloc_too_large
D	tests/test_malloc_zero
D	tests/test_multi_malloc
D	tests/test_out_of_ram
D	tests/test_random
D	tests/test_random_sizes
D	tests/test_simple0
D	tests/test_simple1
D	tests/test_simple2
D	tests/test_simple3
D	tests/test_simple4
D	tests/test_simple5
D	tests/test_simple6
D	tests/test_split
D	tests/test_verify
D	tests/test_very_large
Your branch is ahead of 'origin/master' by 1 commit.
  (use "git push" to publish your local commits)
[master c7aceba] Commit
 36 files changed, 37 insertions(+)
 delete mode 100755 examples/composite_ex
 delete mode 100755 examples/constructor_ex
 delete mode 100755 tests/test_all_lists
 delete mode 100755 tests/test_coalesce_chunk_coalesce
 delete mode 100755 tests/test_coalesce_chunk_insert
 delete mode 100755 tests/test_corrupted_canary
 delete mode 100755 tests/test_double_free
 delete mode 100755 tests/test_exact
 delete mode 100755 tests/test_free_both
 delete mode 100755 tests/test_free_even
 delete mode 100755 tests/test_free_insert
 delete mode 100755 tests/test_free_left
 delete mode 100755 tests/test_free_null
 delete mode 100755 tests/test_free_odd
 delete mode 100755 tests/test_free_right
 delete mode 100755 tests/test_insert_chunk
 delete mode 100755 tests/test_large
 delete mode 100755 tests/test_locks
 delete mode 100755 tests/test_malloc_large
 delete mode 100755 tests/test_malloc_too_large
 delete mode 100755 tests/test_malloc_zero
 delete mode 100755 tests/test_multi_malloc
 delete mode 100755 tests/test_out_of_ram
 delete mode 100755 tests/test_random
 delete mode 100755 tests/test_random_sizes
 delete mode 100755 tests/test_simple0
 delete mode 100755 tests/test_simple1
 delete mode 100755 tests/test_simple2
 delete mode 100755 tests/test_simple3
 delete mode 100755 tests/test_simple4
 delete mode 100755 tests/test_simple5
 delete mode 100755 tests/test_simple6
 delete mode 100755 tests/test_split
 delete mode 100755 tests/test_verify
 delete mode 100755 tests/test_very_large
D	examples/composite_ex
D	examples/constructor_ex
D	tests/test_all_lists
D	tests/test_coalesce_chunk_coalesce
D	tests/test_coalesce_chunk_insert
D	tests/test_corrupted_canary
D	tests/test_double_free
D	tests/test_exact
D	tests/test_free_both
D	tests/test_free_even
D	tests/test_free_insert
D	tests/test_free_left
D	tests/test_free_null
D	tests/test_free_odd
D	tests/test_free_right
D	tests/test_insert_chunk
D	tests/test_large
D	tests/test_locks
D	tests/test_malloc_large
D	tests/test_malloc_too_large
D	tests/test_malloc_zero
D	tests/test_multi_malloc
D	tests/test_out_of_ram
D	tests/test_random
D	tests/test_random_sizes
D	tests/test_simple0
D	tests/test_simple1
D	tests/test_simple2
D	tests/test_simple3
D	tests/test_simple4
D	tests/test_simple5
D	tests/test_simple6
D	tests/test_split
D	tests/test_verify
D	tests/test_very_large
Your branch is up to date with 'origin/master'.
[master 55bafa3] Commit
 36 files changed, 36 insertions(+)
 delete mode 100755 examples/composite_ex
 delete mode 100755 examples/constructor_ex
 delete mode 100755 tests/test_all_lists
 delete mode 100755 tests/test_coalesce_chunk_coalesce
 delete mode 100755 tests/test_coalesce_chunk_insert
 delete mode 100755 tests/test_corrupted_canary
 delete mode 100755 tests/test_double_free
 delete mode 100755 tests/test_exact
 delete mode 100755 tests/test_free_both
 delete mode 100755 tests/test_free_even
 delete mode 100755 tests/test_free_insert
 delete mode 100755 tests/test_free_left
 delete mode 100755 tests/test_free_null
 delete mode 100755 tests/test_free_odd
 delete mode 100755 tests/test_free_right
 delete mode 100755 tests/test_insert_chunk
 delete mode 100755 tests/test_large
 delete mode 100755 tests/test_locks
 delete mode 100755 tests/test_malloc_large
 delete mode 100755 tests/test_malloc_too_large
 delete mode 100755 tests/test_malloc_zero
 delete mode 100755 tests/test_multi_malloc
 delete mode 100755 tests/test_out_of_ram
 delete mode 100755 tests/test_random
 delete mode 100755 tests/test_random_sizes
 delete mode 100755 tests/test_simple0
 delete mode 100755 tests/test_simple1
 delete mode 100755 tests/test_simple2
 delete mode 100755 tests/test_simple3
 delete mode 100755 tests/test_simple4
 delete mode 100755 tests/test_simple5
 delete mode 100755 tests/test_simple6
 delete mode 100755 tests/test_split
 delete mode 100755 tests/test_verify
 delete mode 100755 tests/test_very_large
M	myMalloc.c
Your branch is up to date with 'origin/master'.
[master 0efc9da] Commit
 2 files changed, 4 insertions(+)
M	.local.git.out
M	myMalloc.c
M	tests/test_all_lists
M	tests/test_coalesce_chunk_coalesce
M	tests/test_coalesce_chunk_insert
M	tests/test_corrupted_canary
M	tests/test_double_free
M	tests/test_exact
M	tests/test_free_both
M	tests/test_free_even
M	tests/test_free_insert
M	tests/test_free_left
M	tests/test_free_null
M	tests/test_free_odd
M	tests/test_free_right
M	tests/test_insert_chunk
M	tests/test_large
M	tests/test_locks
M	tests/test_malloc_large
M	tests/test_malloc_too_large
M	tests/test_malloc_zero
M	tests/test_multi_malloc
M	tests/test_out_of_ram
M	tests/test_random
M	tests/test_random_sizes
M	tests/test_simple0
M	tests/test_simple1
M	tests/test_simple2
M	tests/test_simple3
M	tests/test_simple4
M	tests/test_simple5
M	tests/test_simple6
M	tests/test_split
M	tests/test_verify
M	tests/test_very_large
Your branch is up to date with 'origin/master'.
[master f9107c2] Commit
 35 files changed, 50 insertions(+), 1 deletion(-)
M	.local.git.out
M	myMalloc.c
M	tests/test_all_lists
M	tests/test_coalesce_chunk_coalesce
M	tests/test_coalesce_chunk_insert
M	tests/test_corrupted_canary
M	tests/test_double_free
M	tests/test_exact
M	tests/test_free_both
M	tests/test_free_even
M	tests/test_free_insert
M	tests/test_free_left
M	tests/test_free_null
M	tests/test_free_odd
M	tests/test_free_right
M	tests/test_insert_chunk
M	tests/test_large
M	tests/test_locks
M	tests/test_malloc_large
M	tests/test_malloc_too_large
M	tests/test_malloc_zero
M	tests/test_multi_malloc
M	tests/test_out_of_ram
M	tests/test_random
M	tests/test_random_sizes
M	tests/test_simple0
M	tests/test_simple1
M	tests/test_simple2
M	tests/test_simple3
M	tests/test_simple4
M	tests/test_simple5
M	tests/test_simple6
M	tests/test_split
M	tests/test_verify
M	tests/test_very_large
Your branch is up to date with 'origin/master'.
[master 61bae10] Commit
 35 files changed, 41 insertions(+), 1 deletion(-)
M	.local.git.out
M	myMalloc.c
M	tests/test_all_lists
M	tests/test_coalesce_chunk_coalesce
M	tests/test_coalesce_chunk_insert
M	tests/test_corrupted_canary
M	tests/test_double_free
M	tests/test_exact
M	tests/test_free_both
M	tests/test_free_even
M	tests/test_free_insert
M	tests/test_free_left
M	tests/test_free_null
M	tests/test_free_odd
M	tests/test_free_right
M	tests/test_insert_chunk
M	tests/test_large
M	tests/test_locks
M	tests/test_malloc_large
M	tests/test_malloc_too_large
M	tests/test_malloc_zero
M	tests/test_multi_malloc
M	tests/test_out_of_ram
M	tests/test_random
M	tests/test_random_sizes
M	tests/test_simple0
M	tests/test_simple1
M	tests/test_simple2
M	tests/test_simple3
M	tests/test_simple4
M	tests/test_simple5
M	tests/test_simple6
M	tests/test_split
M	tests/test_verify
M	tests/test_very_large
Your branch is up to date with 'origin/master'.
[master a87977c] Commit
 35 files changed, 41 insertions(+), 1 deletion(-)
M	.local.git.out
M	myMalloc.c
M	tests/test_all_lists
M	tests/test_coalesce_chunk_coalesce
M	tests/test_coalesce_chunk_insert
M	tests/test_corrupted_canary
M	tests/test_double_free
M	tests/test_exact
M	tests/test_free_both
M	tests/test_free_even
M	tests/test_free_insert
M	tests/test_free_left
M	tests/test_free_null
M	tests/test_free_odd
M	tests/test_free_right
M	tests/test_insert_chunk
M	tests/test_large
M	tests/test_locks
M	tests/test_malloc_large
M	tests/test_malloc_too_large
M	tests/test_malloc_zero
M	tests/test_multi_malloc
M	tests/test_out_of_ram
M	tests/test_random
M	tests/test_random_sizes
M	tests/test_simple0
M	tests/test_simple1
M	tests/test_simple2
M	tests/test_simple3
M	tests/test_simple4
M	tests/test_simple5
M	tests/test_simple6
M	tests/test_split
M	tests/test_verify
M	tests/test_very_large
Your branch is up to date with 'origin/master'.
[master a2d8186] Commit
 35 files changed, 39 insertions(+)
M	.local.git.out
M	tests/test_all_lists
M	tests/test_coalesce_chunk_coalesce
M	tests/test_coalesce_chunk_insert
M	tests/test_corrupted_canary
M	tests/test_double_free
M	tests/test_exact
M	tests/test_free_both
M	tests/test_free_even
M	tests/test_free_insert
M	tests/test_free_left
M	tests/test_free_null
M	tests/test_free_odd
M	tests/test_free_right
M	tests/test_insert_chunk
M	tests/test_large
M	tests/test_locks
M	tests/test_malloc_large
M	tests/test_malloc_too_large
M	tests/test_malloc_zero
M	tests/test_multi_malloc
M	tests/test_out_of_ram
M	tests/test_random
M	tests/test_random_sizes
M	tests/test_simple0
M	tests/test_simple1
M	tests/test_simple2
M	tests/test_simple3
M	tests/test_simple4
M	tests/test_simple5
M	tests/test_simple6
M	tests/test_split
M	tests/test_verify
M	tests/test_very_large
Your branch is up to date with 'origin/master'.
[master 5f9d112] Commit
 34 files changed, 37 insertions(+)
 rewrite tests/test_corrupted_canary (79%)
 rewrite tests/test_double_free (80%)
M	.local.git.out
M	myMalloc.c
Your branch is up to date with 'origin/master'.
[master 3fc7aa6] Commit
 2 files changed, 15 insertions(+)
M	.local.git.out
M	myMalloc.c
M	tests/test_all_lists
M	tests/test_coalesce_chunk_coalesce
M	tests/test_coalesce_chunk_insert
M	tests/test_corrupted_canary
M	tests/test_double_free
M	tests/test_exact
M	tests/test_free_both
M	tests/test_free_even
M	tests/test_free_insert
M	tests/test_free_left
M	tests/test_free_null
M	tests/test_free_odd
M	tests/test_free_right
M	tests/test_insert_chunk
M	tests/test_large
M	tests/test_locks
M	tests/test_malloc_large
M	tests/test_malloc_too_large
M	tests/test_malloc_zero
M	tests/test_multi_malloc
M	tests/test_out_of_ram
M	tests/test_random
M	tests/test_random_sizes
M	tests/test_simple0
M	tests/test_simple1
M	tests/test_simple2
M	tests/test_simple3
M	tests/test_simple4
M	tests/test_simple5
M	tests/test_simple6
M	tests/test_split
M	tests/test_verify
M	tests/test_very_large
Your branch is up to date with 'origin/master'.
[master 26da0d7] Commit
 35 files changed, 49 insertions(+), 13 deletions(-)
M	.local.git.out
M	myMalloc.c
M	tests/test_all_lists
M	tests/test_coalesce_chunk_coalesce
M	tests/test_coalesce_chunk_insert
M	tests/test_corrupted_canary
M	tests/test_double_free
M	tests/test_exact
M	tests/test_free_both
M	tests/test_free_even
M	tests/test_free_insert
M	tests/test_free_left
M	tests/test_free_null
M	tests/test_free_odd
M	tests/test_free_right
M	tests/test_insert_chunk
M	tests/test_large
M	tests/test_locks
M	tests/test_malloc_large
M	tests/test_malloc_too_large
M	tests/test_malloc_zero
M	tests/test_multi_malloc
M	tests/test_out_of_ram
M	tests/test_random
M	tests/test_random_sizes
M	tests/test_simple0
M	tests/test_simple1
M	tests/test_simple2
M	tests/test_simple3
M	tests/test_simple4
M	tests/test_simple5
M	tests/test_simple6
M	tests/test_split
M	tests/test_verify
M	tests/test_very_large
Your branch is up to date with 'origin/master'.
[master 298a0a4] Commit
 35 files changed, 39 insertions(+), 4 deletions(-)
M	.local.git.out
M	myMalloc.c
M	tests/test_all_lists
M	tests/test_coalesce_chunk_coalesce
M	tests/test_coalesce_chunk_insert
M	tests/test_corrupted_canary
M	tests/test_double_free
M	tests/test_exact
M	tests/test_free_both
M	tests/test_free_even
M	tests/test_free_insert
M	tests/test_free_left
M	tests/test_free_null
M	tests/test_free_odd
M	tests/test_free_right
M	tests/test_insert_chunk
M	tests/test_large
M	tests/test_locks
M	tests/test_malloc_large
M	tests/test_malloc_too_large
M	tests/test_malloc_zero
M	tests/test_multi_malloc
M	tests/test_out_of_ram
M	tests/test_random
M	tests/test_random_sizes
M	tests/test_simple0
M	tests/test_simple1
M	tests/test_simple2
M	tests/test_simple3
M	tests/test_simple4
M	tests/test_simple5
M	tests/test_simple6
M	tests/test_split
M	tests/test_verify
M	tests/test_very_large
Your branch is up to date with 'origin/master'.
[master 8c3481d] Commit
 35 files changed, 43 insertions(+), 4 deletions(-)
 rewrite tests/test_all_lists (65%)
 rewrite tests/test_corrupted_canary (66%)
 rewrite tests/test_double_free (69%)
 rewrite tests/test_free_both (64%)
 rewrite tests/test_free_even (65%)
 rewrite tests/test_free_insert (65%)
 rewrite tests/test_free_left (65%)
 rewrite tests/test_free_null (60%)
 rewrite tests/test_free_odd (66%)
 rewrite tests/test_free_right (66%)
 rewrite tests/test_large (65%)
 rewrite tests/test_locks (69%)
 rewrite tests/test_malloc_large (65%)
 rewrite tests/test_malloc_too_large (60%)
 rewrite tests/test_malloc_zero (61%)
 rewrite tests/test_multi_malloc (65%)
 rewrite tests/test_simple1 (62%)
 rewrite tests/test_simple2 (60%)
 rewrite tests/test_simple3 (60%)
 rewrite tests/test_simple4 (60%)
 rewrite tests/test_simple6 (60%)
 rewrite tests/test_split (65%)
 rewrite tests/test_verify (65%)
M	.local.git.out
M	myMalloc.c
M	tests/test_all_lists
M	tests/test_coalesce_chunk_coalesce
M	tests/test_coalesce_chunk_insert
M	tests/test_corrupted_canary
M	tests/test_double_free
M	tests/test_exact
M	tests/test_free_both
M	tests/test_free_even
M	tests/test_free_insert
M	tests/test_free_left
M	tests/test_free_null
M	tests/test_free_odd
M	tests/test_free_right
M	tests/test_insert_chunk
M	tests/test_large
M	tests/test_locks
M	tests/test_malloc_large
M	tests/test_malloc_too_large
M	tests/test_malloc_zero
M	tests/test_multi_malloc
M	tests/test_out_of_ram
M	tests/test_random
M	tests/test_random_sizes
M	tests/test_simple0
M	tests/test_simple1
M	tests/test_simple2
M	tests/test_simple3
M	tests/test_simple4
M	tests/test_simple5
M	tests/test_simple6
M	tests/test_split
M	tests/test_verify
M	tests/test_very_large
Your branch is up to date with 'origin/master'.
[master 77c1d67] Commit
 35 files changed, 66 insertions(+)
M	.local.git.out
M	myMalloc.c
M	tests/test_all_lists
M	tests/test_coalesce_chunk_coalesce
M	tests/test_coalesce_chunk_insert
M	tests/test_corrupted_canary
M	tests/test_double_free
M	tests/test_exact
M	tests/test_free_both
M	tests/test_free_even
M	tests/test_free_insert
M	tests/test_free_left
M	tests/test_free_null
M	tests/test_free_odd
M	tests/test_free_right
M	tests/test_insert_chunk
M	tests/test_large
M	tests/test_locks
M	tests/test_malloc_large
M	tests/test_malloc_too_large
M	tests/test_malloc_zero
M	tests/test_multi_malloc
M	tests/test_out_of_ram
M	tests/test_random
M	tests/test_random_sizes
M	tests/test_simple0
M	tests/test_simple1
M	tests/test_simple2
M	tests/test_simple3
M	tests/test_simple4
M	tests/test_simple5
M	tests/test_simple6
M	tests/test_split
M	tests/test_verify
M	tests/test_very_large
Your branch is up to date with 'origin/master'.
[master 4ca4eb0] Commit
 35 files changed, 41 insertions(+), 21 deletions(-)
M	.local.git.out
M	myMalloc.c
M	tests/test_all_lists
M	tests/test_coalesce_chunk_coalesce
M	tests/test_coalesce_chunk_insert
M	tests/test_corrupted_canary
M	tests/test_double_free
M	tests/test_exact
M	tests/test_free_both
M	tests/test_free_even
M	tests/test_free_insert
M	tests/test_free_left
M	tests/test_free_null
M	tests/test_free_odd
M	tests/test_free_right
M	tests/test_insert_chunk
M	tests/test_large
M	tests/test_locks
M	tests/test_malloc_large
M	tests/test_malloc_too_large
M	tests/test_malloc_zero
M	tests/test_multi_malloc
M	tests/test_out_of_ram
M	tests/test_random
M	tests/test_random_sizes
M	tests/test_simple0
M	tests/test_simple1
M	tests/test_simple2
M	tests/test_simple3
M	tests/test_simple4
M	tests/test_simple5
M	tests/test_simple6
M	tests/test_split
M	tests/test_verify
M	tests/test_very_large
Your branch is up to date with 'origin/master'.
[master edfd6cf] Commit
 35 files changed, 46 insertions(+), 13 deletions(-)
M	.local.git.out
M	myMalloc.c
Your branch is up to date with 'origin/master'.
[master 8121fcf] Commit
 2 files changed, 10 insertions(+), 4 deletions(-)
M	.local.git.out
D	examples/composite_ex
D	examples/constructor_ex
M	myMalloc.c
D	tests/test_all_lists
D	tests/test_coalesce_chunk_coalesce
D	tests/test_coalesce_chunk_insert
D	tests/test_corrupted_canary
D	tests/test_double_free
D	tests/test_exact
D	tests/test_free_both
D	tests/test_free_even
D	tests/test_free_insert
D	tests/test_free_left
D	tests/test_free_null
D	tests/test_free_odd
D	tests/test_free_right
D	tests/test_insert_chunk
D	tests/test_large
D	tests/test_locks
D	tests/test_malloc_large
D	tests/test_malloc_too_large
D	tests/test_malloc_zero
D	tests/test_multi_malloc
D	tests/test_out_of_ram
D	tests/test_random
D	tests/test_random_sizes
D	tests/test_simple0
D	tests/test_simple1
D	tests/test_simple2
D	tests/test_simple3
D	tests/test_simple4
D	tests/test_simple5
D	tests/test_simple6
D	tests/test_split
D	tests/test_verify
D	tests/test_very_large
Your branch is up to date with 'origin/master'.
[master e9fc88d] Commit
 37 files changed, 43 insertions(+), 13 deletions(-)
 delete mode 100755 examples/composite_ex
 delete mode 100755 examples/constructor_ex
 delete mode 100755 tests/test_all_lists
 delete mode 100755 tests/test_coalesce_chunk_coalesce
 delete mode 100755 tests/test_coalesce_chunk_insert
 delete mode 100755 tests/test_corrupted_canary
 delete mode 100755 tests/test_double_free
 delete mode 100755 tests/test_exact
 delete mode 100755 tests/test_free_both
 delete mode 100755 tests/test_free_even
 delete mode 100755 tests/test_free_insert
 delete mode 100755 tests/test_free_left
 delete mode 100755 tests/test_free_null
 delete mode 100755 tests/test_free_odd
 delete mode 100755 tests/test_free_right
 delete mode 100755 tests/test_insert_chunk
 delete mode 100755 tests/test_large
 delete mode 100755 tests/test_locks
 delete mode 100755 tests/test_malloc_large
 delete mode 100755 tests/test_malloc_too_large
 delete mode 100755 tests/test_malloc_zero
 delete mode 100755 tests/test_multi_malloc
 delete mode 100755 tests/test_out_of_ram
 delete mode 100755 tests/test_random
 delete mode 100755 tests/test_random_sizes
 delete mode 100755 tests/test_simple0
 delete mode 100755 tests/test_simple1
 delete mode 100755 tests/test_simple2
 delete mode 100755 tests/test_simple3
 delete mode 100755 tests/test_simple4
 delete mode 100755 tests/test_simple5
 delete mode 100755 tests/test_simple6
 delete mode 100755 tests/test_split
 delete mode 100755 tests/test_verify
 delete mode 100755 tests/test_very_large
M	.local.git.out
M	myMalloc.c
Your branch is up to date with 'origin/master'.
[master 1b4f522] Commit
 2 files changed, 49 insertions(+), 27 deletions(-)
M	.local.git.out
Your branch is up to date with 'origin/master'.
[master 8b8ef35] Commit
 1 file changed, 4 insertions(+)
M	.local.git.out
M	myMalloc.c
Your branch is up to date with 'origin/master'.
[master cab8c12] Commit
 2 files changed, 19 insertions(+)
M	.local.git.out
Your branch is up to date with 'origin/master'.
[master 97439da] Commit
 1 file changed, 4 insertions(+)
M	.local.git.out
Your branch is up to date with 'origin/master'.
[master a6cba8c] Commit
 1 file changed, 4 insertions(+)
M	.local.git.out
M	myMalloc.c
Your branch is up to date with 'origin/master'.
[master 1731407] Commit
 2 files changed, 6 insertions(+), 1 deletion(-)
M	.local.git.out
Your branch is up to date with 'origin/master'.
[master 5346ddd] Commit
 1 file changed, 4 insertions(+)
M	.local.git.out
Your branch is up to date with 'origin/master'.
[master 6287b3d] Commit
 1 file changed, 4 insertions(+)
M	myMalloc.c
Your branch is up to date with 'origin/master'.
[master 0b78b77] Commit
 2 files changed, 4 insertions(+), 2 deletions(-)
M	.local.git.out
M	myMalloc.c
M	tests/test_all_lists
M	tests/test_coalesce_chunk_coalesce
M	tests/test_coalesce_chunk_insert
M	tests/test_corrupted_canary
M	tests/test_double_free
M	tests/test_exact
M	tests/test_free_both
M	tests/test_free_even
M	tests/test_free_insert
M	tests/test_free_left
M	tests/test_free_null
M	tests/test_free_odd
M	tests/test_free_right
M	tests/test_insert_chunk
M	tests/test_large
M	tests/test_locks
M	tests/test_malloc_large
M	tests/test_malloc_too_large
M	tests/test_malloc_zero
M	tests/test_multi_malloc
M	tests/test_out_of_ram
M	tests/test_random
M	tests/test_random_sizes
M	tests/test_simple0
M	tests/test_simple1
M	tests/test_simple2
M	tests/test_simple3
M	tests/test_simple4
M	tests/test_simple5
M	tests/test_simple6
M	tests/test_split
M	tests/test_verify
M	tests/test_very_large
Your branch is up to date with 'origin/master'.
[master 34f8de9] Commit
 35 files changed, 40 insertions(+), 2 deletions(-)
M	.local.git.out
M	tests/test_simple0
M	tests/test_simple1
M	tests/test_simple2
M	tests/test_simple3
Your branch is up to date with 'origin/master'.
[master 28dccb8] Commit
 5 files changed, 8 insertions(+)
M	.local.git.out
M	myMalloc.c
M	tests/test_all_lists
M	tests/test_coalesce_chunk_coalesce
M	tests/test_coalesce_chunk_insert
M	tests/test_corrupted_canary
M	tests/test_double_free
M	tests/test_exact
M	tests/test_free_both
M	tests/test_free_even
M	tests/test_free_insert
M	tests/test_free_left
M	tests/test_free_null
M	tests/test_free_odd
M	tests/test_free_right
M	tests/test_insert_chunk
M	tests/test_large
M	tests/test_locks
M	tests/test_malloc_large
M	tests/test_malloc_too_large
M	tests/test_malloc_zero
M	tests/test_multi_malloc
M	tests/test_out_of_ram
M	tests/test_random
M	tests/test_random_sizes
M	tests/test_simple4
M	tests/test_simple5
M	tests/test_simple6
M	tests/test_split
M	tests/test_verify
M	tests/test_very_large
Your branch is up to date with 'origin/master'.
[master 7683b7a] Commit
 31 files changed, 36 insertions(+), 2 deletions(-)
